2015-09-26 21:33:25 Notice: Notice (8): Undefined variable: loans in [/Users/Account1/LendCoins/src/Controller/UsersController.php, line 113]
Trace:
Cake\Error\BaseErrorHandler::handleError() - CORE/src/Error/BaseErrorHandler.php, line 138
App\Controller\UsersController::showLoans() - APP/Controller/UsersController.php, line 113
Cake\Controller\Controller::invokeAction() - CORE/src/Controller/Controller.php, line 416
Cake\Routing\Dispatcher::_invoke() - CORE/src/Routing/Dispatcher.php, line 114
Cake\Routing\Dispatcher::dispatch() - CORE/src/Routing/Dispatcher.php, line 87
[main] - ROOT/webroot/index.php, line 37



2015-09-26 23:19:14 Notice: Notice (8): Undefined variable: loans in [/Users/Account1/LendCoins/src/Controller/UsersController.php, line 113]
Trace:
Cake\Error\BaseErrorHandler::handleError() - CORE/src/Error/BaseErrorHandler.php, line 138
App\Controller\UsersController::showLoans() - APP/Controller/UsersController.php, line 113
Cake\Controller\Controller::invokeAction() - CORE/src/Controller/Controller.php, line 416
Cake\Routing\Dispatcher::_invoke() - CORE/src/Routing/Dispatcher.php, line 114
Cake\Routing\Dispatcher::dispatch() - CORE/src/Routing/Dispatcher.php, line 87
[main] - ROOT/webroot/index.php, line 37



2015-09-26 23:19:42 Notice: Notice (8): Undefined variable: loans in [/Users/Account1/LendCoins/src/Controller/UsersController.php, line 113]
Trace:
Cake\Error\BaseErrorHandler::handleError() - CORE/src/Error/BaseErrorHandler.php, line 138
App\Controller\UsersController::showLoans() - APP/Controller/UsersController.php, line 113
Cake\Controller\Controller::invokeAction() - CORE/src/Controller/Controller.php, line 416
Cake\Routing\Dispatcher::_invoke() - CORE/src/Routing/Dispatcher.php, line 114
Cake\Routing\Dispatcher::dispatch() - CORE/src/Routing/Dispatcher.php, line 87
[main] - ROOT/webroot/index.php, line 37



2015-09-27 03:25:47 Notice: Notice (8): Undefined variable: loans in [/Users/Account1/LendCoins/src/Controller/UsersController.php, line 113]
Trace:
Cake\Error\BaseErrorHandler::handleError() - CORE/src/Error/BaseErrorHandler.php, line 138
App\Controller\UsersController::showLoans() - APP/Controller/UsersController.php, line 113
Cake\Controller\Controller::invokeAction() - CORE/src/Controller/Controller.php, line 416
Cake\Routing\Dispatcher::_invoke() - CORE/src/Routing/Dispatcher.php, line 114
Cake\Routing\Dispatcher::dispatch() - CORE/src/Routing/Dispatcher.php, line 87
[main] - ROOT/webroot/index.php, line 37



2015-09-27 05:15:32 Notice: Notice (8): Undefined variable: loans in [/Users/Account1/LendCoins/src/Controller/UsersController.php, line 117]
Trace:
Cake\Error\BaseErrorHandler::handleError() - CORE/src/Error/BaseErrorHandler.php, line 138
App\Controller\UsersController::showLoans() - APP/Controller/UsersController.php, line 117
Cake\Controller\Controller::invokeAction() - CORE/src/Controller/Controller.php, line 416
Cake\Routing\Dispatcher::_invoke() - CORE/src/Routing/Dispatcher.php, line 114
Cake\Routing\Dispatcher::dispatch() - CORE/src/Routing/Dispatcher.php, line 87
[main] - ROOT/webroot/index.php, line 37



2015-09-29 21:12:30 Notice: Notice (8): Array to string conversion in [/Users/Account1/LendCoins/src/Controller/UsersController.php, line 116]
Trace:
Cake\Error\BaseErrorHandler::handleError() - CORE/src/Error/BaseErrorHandler.php, line 138
App\Controller\UsersController::showLoans() - APP/Controller/UsersController.php, line 116
Cake\Controller\Controller::invokeAction() - CORE/src/Controller/Controller.php, line 416
Cake\Routing\Dispatcher::_invoke() - CORE/src/Routing/Dispatcher.php, line 114
Cake\Routing\Dispatcher::dispatch() - CORE/src/Routing/Dispatcher.php, line 87
[main] - ROOT/webroot/index.php, line 37



2015-09-29 21:12:30 Notice: Notice (8): Undefined index: conditions in [/Users/Account1/LendCoins/vendor/cakephp/cakephp/src/Database/Query.php, line 515]
Trace:
Cake\Error\BaseErrorHandler::handleError() - CORE/src/Error/BaseErrorHandler.php, line 138
Cake\Database\Query::join() - CORE/src/Database/Query.php, line 515
App\Controller\UsersController::showLoans() - APP/Controller/UsersController.php, line 117
Cake\Controller\Controller::invokeAction() - CORE/src/Controller/Controller.php, line 416
Cake\Routing\Dispatcher::_invoke() - CORE/src/Routing/Dispatcher.php, line 114
Cake\Routing\Dispatcher::dispatch() - CORE/src/Routing/Dispatcher.php, line 87
[main] - ROOT/webroot/index.php, line 37



2015-09-29 21:12:30 Notice: Notice (8): Undefined index: conditions in [/Users/Account1/LendCoins/vendor/cakephp/cakephp/src/Database/Query.php, line 515]
Trace:
Cake\Error\BaseErrorHandler::handleError() - CORE/src/Error/BaseErrorHandler.php, line 138
Cake\Database\Query::join() - CORE/src/Database/Query.php, line 515
App\Controller\UsersController::showLoans() - APP/Controller/UsersController.php, line 117
Cake\Controller\Controller::invokeAction() - CORE/src/Controller/Controller.php, line 416
Cake\Routing\Dispatcher::_invoke() - CORE/src/Routing/Dispatcher.php, line 114
Cake\Routing\Dispatcher::dispatch() - CORE/src/Routing/Dispatcher.php, line 87
[main] - ROOT/webroot/index.php, line 37



2015-09-29 21:12:30 Notice: Notice (8): Undefined index: conditions in [/Users/Account1/LendCoins/vendor/cakephp/cakephp/src/Database/Query.php, line 519]
Trace:
Cake\Error\BaseErrorHandler::handleError() - CORE/src/Error/BaseErrorHandler.php, line 138
Cake\Database\Query::join() - CORE/src/Database/Query.php, line 519
App\Controller\UsersController::showLoans() - APP/Controller/UsersController.php, line 117
Cake\Controller\Controller::invokeAction() - CORE/src/Controller/Controller.php, line 416
Cake\Routing\Dispatcher::_invoke() - CORE/src/Routing/Dispatcher.php, line 114
Cake\Routing\Dispatcher::dispatch() - CORE/src/Routing/Dispatcher.php, line 87
[main] - ROOT/webroot/index.php, line 37



2015-09-29 21:12:30 Notice: Notice (8): Undefined index: conditions in [/Users/Account1/LendCoins/vendor/cakephp/cakephp/src/Database/Query.php, line 520]
Trace:
Cake\Error\BaseErrorHandler::handleError() - CORE/src/Error/BaseErrorHandler.php, line 138
Cake\Database\Query::join() - CORE/src/Database/Query.php, line 520
App\Controller\UsersController::showLoans() - APP/Controller/UsersController.php, line 117
Cake\Controller\Controller::invokeAction() - CORE/src/Controller/Controller.php, line 416
Cake\Routing\Dispatcher::_invoke() - CORE/src/Routing/Dispatcher.php, line 114
Cake\Routing\Dispatcher::dispatch() - CORE/src/Routing/Dispatcher.php, line 87
[main] - ROOT/webroot/index.php, line 37



2015-09-29 21:12:30 Notice: Notice (8): Undefined variable: results in [/Users/Account1/LendCoins/src/Controller/UsersController.php, line 121]
Trace:
Cake\Error\BaseErrorHandler::handleError() - CORE/src/Error/BaseErrorHandler.php, line 138
App\Controller\UsersController::showLoans() - APP/Controller/UsersController.php, line 121
Cake\Controller\Controller::invokeAction() - CORE/src/Controller/Controller.php, line 416
Cake\Routing\Dispatcher::_invoke() - CORE/src/Routing/Dispatcher.php, line 114
Cake\Routing\Dispatcher::dispatch() - CORE/src/Routing/Dispatcher.php, line 87
[main] - ROOT/webroot/index.php, line 37



2015-09-29 21:12:31 Notice: Notice (8): Array to string conversion in [/Users/Account1/LendCoins/src/Controller/UsersController.php, line 116]
Trace:
Cake\Error\BaseErrorHandler::handleError() - CORE/src/Error/BaseErrorHandler.php, line 138
App\Controller\UsersController::showLoans() - APP/Controller/UsersController.php, line 116
Cake\Controller\Controller::invokeAction() - CORE/src/Controller/Controller.php, line 416
Cake\Routing\Dispatcher::_invoke() - CORE/src/Routing/Dispatcher.php, line 114
Cake\Routing\Dispatcher::dispatch() - CORE/src/Routing/Dispatcher.php, line 87
[main] - ROOT/webroot/index.php, line 37



2015-09-29 21:12:31 Notice: Notice (8): Undefined index: conditions in [/Users/Account1/LendCoins/vendor/cakephp/cakephp/src/Database/Query.php, line 515]
Trace:
Cake\Error\BaseErrorHandler::handleError() - CORE/src/Error/BaseErrorHandler.php, line 138
Cake\Database\Query::join() - CORE/src/Database/Query.php, line 515
App\Controller\UsersController::showLoans() - APP/Controller/UsersController.php, line 117
Cake\Controller\Controller::invokeAction() - CORE/src/Controller/Controller.php, line 416
Cake\Routing\Dispatcher::_invoke() - CORE/src/Routing/Dispatcher.php, line 114
Cake\Routing\Dispatcher::dispatch() - CORE/src/Routing/Dispatcher.php, line 87
[main] - ROOT/webroot/index.php, line 37



2015-09-29 21:12:31 Notice: Notice (8): Undefined index: conditions in [/Users/Account1/LendCoins/vendor/cakephp/cakephp/src/Database/Query.php, line 515]
Trace:
Cake\Error\BaseErrorHandler::handleError() - CORE/src/Error/BaseErrorHandler.php, line 138
Cake\Database\Query::join() - CORE/src/Database/Query.php, line 515
App\Controller\UsersController::showLoans() - APP/Controller/UsersController.php, line 117
Cake\Controller\Controller::invokeAction() - CORE/src/Controller/Controller.php, line 416
Cake\Routing\Dispatcher::_invoke() - CORE/src/Routing/Dispatcher.php, line 114
Cake\Routing\Dispatcher::dispatch() - CORE/src/Routing/Dispatcher.php, line 87
[main] - ROOT/webroot/index.php, line 37



2015-09-29 21:12:31 Notice: Notice (8): Undefined index: conditions in [/Users/Account1/LendCoins/vendor/cakephp/cakephp/src/Database/Query.php, line 519]
Trace:
Cake\Error\BaseErrorHandler::handleError() - CORE/src/Error/BaseErrorHandler.php, line 138
Cake\Database\Query::join() - CORE/src/Database/Query.php, line 519
App\Controller\UsersController::showLoans() - APP/Controller/UsersController.php, line 117
Cake\Controller\Controller::invokeAction() - CORE/src/Controller/Controller.php, line 416
Cake\Routing\Dispatcher::_invoke() - CORE/src/Routing/Dispatcher.php, line 114
Cake\Routing\Dispatcher::dispatch() - CORE/src/Routing/Dispatcher.php, line 87
[main] - ROOT/webroot/index.php, line 37



2015-09-29 21:12:31 Notice: Notice (8): Undefined index: conditions in [/Users/Account1/LendCoins/vendor/cakephp/cakephp/src/Database/Query.php, line 520]
Trace:
Cake\Error\BaseErrorHandler::handleError() - CORE/src/Error/BaseErrorHandler.php, line 138
Cake\Database\Query::join() - CORE/src/Database/Query.php, line 520
App\Controller\UsersController::showLoans() - APP/Controller/UsersController.php, line 117
Cake\Controller\Controller::invokeAction() - CORE/src/Controller/Controller.php, line 416
Cake\Routing\Dispatcher::_invoke() - CORE/src/Routing/Dispatcher.php, line 114
Cake\Routing\Dispatcher::dispatch() - CORE/src/Routing/Dispatcher.php, line 87
[main] - ROOT/webroot/index.php, line 37



2015-09-29 21:12:31 Notice: Notice (8): Undefined variable: results in [/Users/Account1/LendCoins/src/Controller/UsersController.php, line 121]
Trace:
Cake\Error\BaseErrorHandler::handleError() - CORE/src/Error/BaseErrorHandler.php, line 138
App\Controller\UsersController::showLoans() - APP/Controller/UsersController.php, line 121
Cake\Controller\Controller::invokeAction() - CORE/src/Controller/Controller.php, line 416
Cake\Routing\Dispatcher::_invoke() - CORE/src/Routing/Dispatcher.php, line 114
Cake\Routing\Dispatcher::dispatch() - CORE/src/Routing/Dispatcher.php, line 87
[main] - ROOT/webroot/index.php, line 37



2015-09-29 21:13:47 Notice: Notice (8): Array to string conversion in [/Users/Account1/LendCoins/src/Controller/UsersController.php, line 116]
Trace:
Cake\Error\BaseErrorHandler::handleError() - CORE/src/Error/BaseErrorHandler.php, line 138
App\Controller\UsersController::showLoans() - APP/Controller/UsersController.php, line 116
Cake\Controller\Controller::invokeAction() - CORE/src/Controller/Controller.php, line 416
Cake\Routing\Dispatcher::_invoke() - CORE/src/Routing/Dispatcher.php, line 114
Cake\Routing\Dispatcher::dispatch() - CORE/src/Routing/Dispatcher.php, line 87
[main] - ROOT/webroot/index.php, line 37



2015-09-29 21:13:47 Notice: Notice (8): Undefined index: conditions in [/Users/Account1/LendCoins/vendor/cakephp/cakephp/src/Database/Query.php, line 515]
Trace:
Cake\Error\BaseErrorHandler::handleError() - CORE/src/Error/BaseErrorHandler.php, line 138
Cake\Database\Query::join() - CORE/src/Database/Query.php, line 515
App\Controller\UsersController::showLoans() - APP/Controller/UsersController.php, line 117
Cake\Controller\Controller::invokeAction() - CORE/src/Controller/Controller.php, line 416
Cake\Routing\Dispatcher::_invoke() - CORE/src/Routing/Dispatcher.php, line 114
Cake\Routing\Dispatcher::dispatch() - CORE/src/Routing/Dispatcher.php, line 87
[main] - ROOT/webroot/index.php, line 37



2015-09-29 21:13:47 Notice: Notice (8): Undefined index: conditions in [/Users/Account1/LendCoins/vendor/cakephp/cakephp/src/Database/Query.php, line 515]
Trace:
Cake\Error\BaseErrorHandler::handleError() - CORE/src/Error/BaseErrorHandler.php, line 138
Cake\Database\Query::join() - CORE/src/Database/Query.php, line 515
App\Controller\UsersController::showLoans() - APP/Controller/UsersController.php, line 117
Cake\Controller\Controller::invokeAction() - CORE/src/Controller/Controller.php, line 416
Cake\Routing\Dispatcher::_invoke() - CORE/src/Routing/Dispatcher.php, line 114
Cake\Routing\Dispatcher::dispatch() - CORE/src/Routing/Dispatcher.php, line 87
[main] - ROOT/webroot/index.php, line 37



2015-09-29 21:13:47 Notice: Notice (8): Undefined index: conditions in [/Users/Account1/LendCoins/vendor/cakephp/cakephp/src/Database/Query.php, line 519]
Trace:
Cake\Error\BaseErrorHandler::handleError() - CORE/src/Error/BaseErrorHandler.php, line 138
Cake\Database\Query::join() - CORE/src/Database/Query.php, line 519
App\Controller\UsersController::showLoans() - APP/Controller/UsersController.php, line 117
Cake\Controller\Controller::invokeAction() - CORE/src/Controller/Controller.php, line 416
Cake\Routing\Dispatcher::_invoke() - CORE/src/Routing/Dispatcher.php, line 114
Cake\Routing\Dispatcher::dispatch() - CORE/src/Routing/Dispatcher.php, line 87
[main] - ROOT/webroot/index.php, line 37



2015-09-29 21:13:47 Notice: Notice (8): Undefined index: conditions in [/Users/Account1/LendCoins/vendor/cakephp/cakephp/src/Database/Query.php, line 520]
Trace:
Cake\Error\BaseErrorHandler::handleError() - CORE/src/Error/BaseErrorHandler.php, line 138
Cake\Database\Query::join() - CORE/src/Database/Query.php, line 520
App\Controller\UsersController::showLoans() - APP/Controller/UsersController.php, line 117
Cake\Controller\Controller::invokeAction() - CORE/src/Controller/Controller.php, line 416
Cake\Routing\Dispatcher::_invoke() - CORE/src/Routing/Dispatcher.php, line 114
Cake\Routing\Dispatcher::dispatch() - CORE/src/Routing/Dispatcher.php, line 87
[main] - ROOT/webroot/index.php, line 37



2015-09-29 21:13:47 Notice: Notice (8): Undefined variable: results in [/Users/Account1/LendCoins/src/Controller/UsersController.php, line 121]
Trace:
Cake\Error\BaseErrorHandler::handleError() - CORE/src/Error/BaseErrorHandler.php, line 138
App\Controller\UsersController::showLoans() - APP/Controller/UsersController.php, line 121
Cake\Controller\Controller::invokeAction() - CORE/src/Controller/Controller.php, line 416
Cake\Routing\Dispatcher::_invoke() - CORE/src/Routing/Dispatcher.php, line 114
Cake\Routing\Dispatcher::dispatch() - CORE/src/Routing/Dispatcher.php, line 87
[main] - ROOT/webroot/index.php, line 37



2015-09-29 21:13:48 Notice: Notice (8): Array to string conversion in [/Users/Account1/LendCoins/src/Controller/UsersController.php, line 116]
Trace:
Cake\Error\BaseErrorHandler::handleError() - CORE/src/Error/BaseErrorHandler.php, line 138
App\Controller\UsersController::showLoans() - APP/Controller/UsersController.php, line 116
Cake\Controller\Controller::invokeAction() - CORE/src/Controller/Controller.php, line 416
Cake\Routing\Dispatcher::_invoke() - CORE/src/Routing/Dispatcher.php, line 114
Cake\Routing\Dispatcher::dispatch() - CORE/src/Routing/Dispatcher.php, line 87
[main] - ROOT/webroot/index.php, line 37



2015-09-29 21:13:48 Notice: Notice (8): Undefined index: conditions in [/Users/Account1/LendCoins/vendor/cakephp/cakephp/src/Database/Query.php, line 515]
Trace:
Cake\Error\BaseErrorHandler::handleError() - CORE/src/Error/BaseErrorHandler.php, line 138
Cake\Database\Query::join() - CORE/src/Database/Query.php, line 515
App\Controller\UsersController::showLoans() - APP/Controller/UsersController.php, line 117
Cake\Controller\Controller::invokeAction() - CORE/src/Controller/Controller.php, line 416
Cake\Routing\Dispatcher::_invoke() - CORE/src/Routing/Dispatcher.php, line 114
Cake\Routing\Dispatcher::dispatch() - CORE/src/Routing/Dispatcher.php, line 87
[main] - ROOT/webroot/index.php, line 37



2015-09-29 21:13:48 Notice: Notice (8): Undefined index: conditions in [/Users/Account1/LendCoins/vendor/cakephp/cakephp/src/Database/Query.php, line 515]
Trace:
Cake\Error\BaseErrorHandler::handleError() - CORE/src/Error/BaseErrorHandler.php, line 138
Cake\Database\Query::join() - CORE/src/Database/Query.php, line 515
App\Controller\UsersController::showLoans() - APP/Controller/UsersController.php, line 117
Cake\Controller\Controller::invokeAction() - CORE/src/Controller/Controller.php, line 416
Cake\Routing\Dispatcher::_invoke() - CORE/src/Routing/Dispatcher.php, line 114
Cake\Routing\Dispatcher::dispatch() - CORE/src/Routing/Dispatcher.php, line 87
[main] - ROOT/webroot/index.php, line 37



2015-09-29 21:13:48 Notice: Notice (8): Undefined index: conditions in [/Users/Account1/LendCoins/vendor/cakephp/cakephp/src/Database/Query.php, line 519]
Trace:
Cake\Error\BaseErrorHandler::handleError() - CORE/src/Error/BaseErrorHandler.php, line 138
Cake\Database\Query::join() - CORE/src/Database/Query.php, line 519
App\Controller\UsersController::showLoans() - APP/Controller/UsersController.php, line 117
Cake\Controller\Controller::invokeAction() - CORE/src/Controller/Controller.php, line 416
Cake\Routing\Dispatcher::_invoke() - CORE/src/Routing/Dispatcher.php, line 114
Cake\Routing\Dispatcher::dispatch() - CORE/src/Routing/Dispatcher.php, line 87
[main] - ROOT/webroot/index.php, line 37



2015-09-29 21:13:48 Notice: Notice (8): Undefined index: conditions in [/Users/Account1/LendCoins/vendor/cakephp/cakephp/src/Database/Query.php, line 520]
Trace:
Cake\Error\BaseErrorHandler::handleError() - CORE/src/Error/BaseErrorHandler.php, line 138
Cake\Database\Query::join() - CORE/src/Database/Query.php, line 520
App\Controller\UsersController::showLoans() - APP/Controller/UsersController.php, line 117
Cake\Controller\Controller::invokeAction() - CORE/src/Controller/Controller.php, line 416
Cake\Routing\Dispatcher::_invoke() - CORE/src/Routing/Dispatcher.php, line 114
Cake\Routing\Dispatcher::dispatch() - CORE/src/Routing/Dispatcher.php, line 87
[main] - ROOT/webroot/index.php, line 37



2015-09-29 21:13:48 Notice: Notice (8): Undefined variable: results in [/Users/Account1/LendCoins/src/Controller/UsersController.php, line 121]
Trace:
Cake\Error\BaseErrorHandler::handleError() - CORE/src/Error/BaseErrorHandler.php, line 138
App\Controller\UsersController::showLoans() - APP/Controller/UsersController.php, line 121
Cake\Controller\Controller::invokeAction() - CORE/src/Controller/Controller.php, line 416
Cake\Routing\Dispatcher::_invoke() - CORE/src/Routing/Dispatcher.php, line 114
Cake\Routing\Dispatcher::dispatch() - CORE/src/Routing/Dispatcher.php, line 87
[main] - ROOT/webroot/index.php, line 37



2015-09-29 21:18:05 Notice: Notice (8): Array to string conversion in [/Users/Account1/LendCoins/src/Controller/UsersController.php, line 117]
Trace:
Cake\Error\BaseErrorHandler::handleError() - CORE/src/Error/BaseErrorHandler.php, line 138
App\Controller\UsersController::showLoans() - APP/Controller/UsersController.php, line 117
Cake\Controller\Controller::invokeAction() - CORE/src/Controller/Controller.php, line 416
Cake\Routing\Dispatcher::_invoke() - CORE/src/Routing/Dispatcher.php, line 114
Cake\Routing\Dispatcher::dispatch() - CORE/src/Routing/Dispatcher.php, line 87
[main] - ROOT/webroot/index.php, line 37



2015-09-29 21:18:05 Notice: Notice (8): Undefined index: conditions in [/Users/Account1/LendCoins/vendor/cakephp/cakephp/src/Database/Query.php, line 515]
Trace:
Cake\Error\BaseErrorHandler::handleError() - CORE/src/Error/BaseErrorHandler.php, line 138
Cake\Database\Query::join() - CORE/src/Database/Query.php, line 515
App\Controller\UsersController::showLoans() - APP/Controller/UsersController.php, line 118
Cake\Controller\Controller::invokeAction() - CORE/src/Controller/Controller.php, line 416
Cake\Routing\Dispatcher::_invoke() - CORE/src/Routing/Dispatcher.php, line 114
Cake\Routing\Dispatcher::dispatch() - CORE/src/Routing/Dispatcher.php, line 87
[main] - ROOT/webroot/index.php, line 37



2015-09-29 21:18:05 Notice: Notice (8): Undefined index: conditions in [/Users/Account1/LendCoins/vendor/cakephp/cakephp/src/Database/Query.php, line 515]
Trace:
Cake\Error\BaseErrorHandler::handleError() - CORE/src/Error/BaseErrorHandler.php, line 138
Cake\Database\Query::join() - CORE/src/Database/Query.php, line 515
App\Controller\UsersController::showLoans() - APP/Controller/UsersController.php, line 118
Cake\Controller\Controller::invokeAction() - CORE/src/Controller/Controller.php, line 416
Cake\Routing\Dispatcher::_invoke() - CORE/src/Routing/Dispatcher.php, line 114
Cake\Routing\Dispatcher::dispatch() - CORE/src/Routing/Dispatcher.php, line 87
[main] - ROOT/webroot/index.php, line 37



2015-09-29 21:18:05 Notice: Notice (8): Undefined index: conditions in [/Users/Account1/LendCoins/vendor/cakephp/cakephp/src/Database/Query.php, line 519]
Trace:
Cake\Error\BaseErrorHandler::handleError() - CORE/src/Error/BaseErrorHandler.php, line 138
Cake\Database\Query::join() - CORE/src/Database/Query.php, line 519
App\Controller\UsersController::showLoans() - APP/Controller/UsersController.php, line 118
Cake\Controller\Controller::invokeAction() - CORE/src/Controller/Controller.php, line 416
Cake\Routing\Dispatcher::_invoke() - CORE/src/Routing/Dispatcher.php, line 114
Cake\Routing\Dispatcher::dispatch() - CORE/src/Routing/Dispatcher.php, line 87
[main] - ROOT/webroot/index.php, line 37



2015-09-29 21:18:05 Notice: Notice (8): Undefined index: conditions in [/Users/Account1/LendCoins/vendor/cakephp/cakephp/src/Database/Query.php, line 520]
Trace:
Cake\Error\BaseErrorHandler::handleError() - CORE/src/Error/BaseErrorHandler.php, line 138
Cake\Database\Query::join() - CORE/src/Database/Query.php, line 520
App\Controller\UsersController::showLoans() - APP/Controller/UsersController.php, line 118
Cake\Controller\Controller::invokeAction() - CORE/src/Controller/Controller.php, line 416
Cake\Routing\Dispatcher::_invoke() - CORE/src/Routing/Dispatcher.php, line 114
Cake\Routing\Dispatcher::dispatch() - CORE/src/Routing/Dispatcher.php, line 87
[main] - ROOT/webroot/index.php, line 37



2015-09-29 21:18:06 Notice: Notice (8): Array to string conversion in [/Users/Account1/LendCoins/src/Controller/UsersController.php, line 117]
Trace:
Cake\Error\BaseErrorHandler::handleError() - CORE/src/Error/BaseErrorHandler.php, line 138
App\Controller\UsersController::showLoans() - APP/Controller/UsersController.php, line 117
Cake\Controller\Controller::invokeAction() - CORE/src/Controller/Controller.php, line 416
Cake\Routing\Dispatcher::_invoke() - CORE/src/Routing/Dispatcher.php, line 114
Cake\Routing\Dispatcher::dispatch() - CORE/src/Routing/Dispatcher.php, line 87
[main] - ROOT/webroot/index.php, line 37



2015-09-29 21:18:06 Notice: Notice (8): Undefined index: conditions in [/Users/Account1/LendCoins/vendor/cakephp/cakephp/src/Database/Query.php, line 515]
Trace:
Cake\Error\BaseErrorHandler::handleError() - CORE/src/Error/BaseErrorHandler.php, line 138
Cake\Database\Query::join() - CORE/src/Database/Query.php, line 515
App\Controller\UsersController::showLoans() - APP/Controller/UsersController.php, line 118
Cake\Controller\Controller::invokeAction() - CORE/src/Controller/Controller.php, line 416
Cake\Routing\Dispatcher::_invoke() - CORE/src/Routing/Dispatcher.php, line 114
Cake\Routing\Dispatcher::dispatch() - CORE/src/Routing/Dispatcher.php, line 87
[main] - ROOT/webroot/index.php, line 37



2015-09-29 21:18:06 Notice: Notice (8): Undefined index: conditions in [/Users/Account1/LendCoins/vendor/cakephp/cakephp/src/Database/Query.php, line 515]
Trace:
Cake\Error\BaseErrorHandler::handleError() - CORE/src/Error/BaseErrorHandler.php, line 138
Cake\Database\Query::join() - CORE/src/Database/Query.php, line 515
App\Controller\UsersController::showLoans() - APP/Controller/UsersController.php, line 118
Cake\Controller\Controller::invokeAction() - CORE/src/Controller/Controller.php, line 416
Cake\Routing\Dispatcher::_invoke() - CORE/src/Routing/Dispatcher.php, line 114
Cake\Routing\Dispatcher::dispatch() - CORE/src/Routing/Dispatcher.php, line 87
[main] - ROOT/webroot/index.php, line 37



2015-09-29 21:18:06 Notice: Notice (8): Undefined index: conditions in [/Users/Account1/LendCoins/vendor/cakephp/cakephp/src/Database/Query.php, line 519]
Trace:
Cake\Error\BaseErrorHandler::handleError() - CORE/src/Error/BaseErrorHandler.php, line 138
Cake\Database\Query::join() - CORE/src/Database/Query.php, line 519
App\Controller\UsersController::showLoans() - APP/Controller/UsersController.php, line 118
Cake\Controller\Controller::invokeAction() - CORE/src/Controller/Controller.php, line 416
Cake\Routing\Dispatcher::_invoke() - CORE/src/Routing/Dispatcher.php, line 114
Cake\Routing\Dispatcher::dispatch() - CORE/src/Routing/Dispatcher.php, line 87
[main] - ROOT/webroot/index.php, line 37



2015-09-29 21:18:06 Notice: Notice (8): Undefined index: conditions in [/Users/Account1/LendCoins/vendor/cakephp/cakephp/src/Database/Query.php, line 520]
Trace:
Cake\Error\BaseErrorHandler::handleError() - CORE/src/Error/BaseErrorHandler.php, line 138
Cake\Database\Query::join() - CORE/src/Database/Query.php, line 520
App\Controller\UsersController::showLoans() - APP/Controller/UsersController.php, line 118
Cake\Controller\Controller::invokeAction() - CORE/src/Controller/Controller.php, line 416
Cake\Routing\Dispatcher::_invoke() - CORE/src/Routing/Dispatcher.php, line 114
Cake\Routing\Dispatcher::dispatch() - CORE/src/Routing/Dispatcher.php, line 87
[main] - ROOT/webroot/index.php, line 37



2015-09-29 21:27:39 Notice: Notice (8): Undefined offset: 0 in [/Users/Account1/LendCoins/src/Controller/UsersController.php, line 117]
Trace:
Cake\Error\BaseErrorHandler::handleError() - CORE/src/Error/BaseErrorHandler.php, line 138
App\Controller\UsersController::showLoans() - APP/Controller/UsersController.php, line 117
Cake\Controller\Controller::invokeAction() - CORE/src/Controller/Controller.php, line 416
Cake\Routing\Dispatcher::_invoke() - CORE/src/Routing/Dispatcher.php, line 114
Cake\Routing\Dispatcher::dispatch() - CORE/src/Routing/Dispatcher.php, line 87
[main] - ROOT/webroot/index.php, line 37



2015-09-29 21:27:39 Notice: Notice (8): Trying to get property of non-object in [/Users/Account1/LendCoins/src/Controller/UsersController.php, line 117]
Trace:
Cake\Error\BaseErrorHandler::handleError() - CORE/src/Error/BaseErrorHandler.php, line 138
App\Controller\UsersController::showLoans() - APP/Controller/UsersController.php, line 117
Cake\Controller\Controller::invokeAction() - CORE/src/Controller/Controller.php, line 416
Cake\Routing\Dispatcher::_invoke() - CORE/src/Routing/Dispatcher.php, line 114
Cake\Routing\Dispatcher::dispatch() - CORE/src/Routing/Dispatcher.php, line 87
[main] - ROOT/webroot/index.php, line 37



2015-09-29 21:27:40 Notice: Notice (8): Undefined index: conditions in [/Users/Account1/LendCoins/vendor/cakephp/cakephp/src/Database/Query.php, line 515]
Trace:
Cake\Error\BaseErrorHandler::handleError() - CORE/src/Error/BaseErrorHandler.php, line 138
Cake\Database\Query::join() - CORE/src/Database/Query.php, line 515
App\Controller\UsersController::showLoans() - APP/Controller/UsersController.php, line 118
Cake\Controller\Controller::invokeAction() - CORE/src/Controller/Controller.php, line 416
Cake\Routing\Dispatcher::_invoke() - CORE/src/Routing/Dispatcher.php, line 114
Cake\Routing\Dispatcher::dispatch() - CORE/src/Routing/Dispatcher.php, line 87
[main] - ROOT/webroot/index.php, line 37



2015-09-29 21:27:40 Notice: Notice (8): Undefined index: conditions in [/Users/Account1/LendCoins/vendor/cakephp/cakephp/src/Database/Query.php, line 515]
Trace:
Cake\Error\BaseErrorHandler::handleError() - CORE/src/Error/BaseErrorHandler.php, line 138
Cake\Database\Query::join() - CORE/src/Database/Query.php, line 515
App\Controller\UsersController::showLoans() - APP/Controller/UsersController.php, line 118
Cake\Controller\Controller::invokeAction() - CORE/src/Controller/Controller.php, line 416
Cake\Routing\Dispatcher::_invoke() - CORE/src/Routing/Dispatcher.php, line 114
Cake\Routing\Dispatcher::dispatch() - CORE/src/Routing/Dispatcher.php, line 87
[main] - ROOT/webroot/index.php, line 37



2015-09-29 21:27:40 Notice: Notice (8): Undefined index: conditions in [/Users/Account1/LendCoins/vendor/cakephp/cakephp/src/Database/Query.php, line 519]
Trace:
Cake\Error\BaseErrorHandler::handleError() - CORE/src/Error/BaseErrorHandler.php, line 138
Cake\Database\Query::join() - CORE/src/Database/Query.php, line 519
App\Controller\UsersController::showLoans() - APP/Controller/UsersController.php, line 118
Cake\Controller\Controller::invokeAction() - CORE/src/Controller/Controller.php, line 416
Cake\Routing\Dispatcher::_invoke() - CORE/src/Routing/Dispatcher.php, line 114
Cake\Routing\Dispatcher::dispatch() - CORE/src/Routing/Dispatcher.php, line 87
[main] - ROOT/webroot/index.php, line 37



2015-09-29 21:27:40 Notice: Notice (8): Undefined index: conditions in [/Users/Account1/LendCoins/vendor/cakephp/cakephp/src/Database/Query.php, line 520]
Trace:
Cake\Error\BaseErrorHandler::handleError() - CORE/src/Error/BaseErrorHandler.php, line 138
Cake\Database\Query::join() - CORE/src/Database/Query.php, line 520
App\Controller\UsersController::showLoans() - APP/Controller/UsersController.php, line 118
Cake\Controller\Controller::invokeAction() - CORE/src/Controller/Controller.php, line 416
Cake\Routing\Dispatcher::_invoke() - CORE/src/Routing/Dispatcher.php, line 114
Cake\Routing\Dispatcher::dispatch() - CORE/src/Routing/Dispatcher.php, line 87
[main] - ROOT/webroot/index.php, line 37



2015-09-29 21:27:40 Notice: Notice (8): Undefined offset: 0 in [/Users/Account1/LendCoins/src/Controller/UsersController.php, line 117]
Trace:
Cake\Error\BaseErrorHandler::handleError() - CORE/src/Error/BaseErrorHandler.php, line 138
App\Controller\UsersController::showLoans() - APP/Controller/UsersController.php, line 117
Cake\Controller\Controller::invokeAction() - CORE/src/Controller/Controller.php, line 416
Cake\Routing\Dispatcher::_invoke() - CORE/src/Routing/Dispatcher.php, line 114
Cake\Routing\Dispatcher::dispatch() - CORE/src/Routing/Dispatcher.php, line 87
[main] - ROOT/webroot/index.php, line 37



2015-09-29 21:27:40 Notice: Notice (8): Trying to get property of non-object in [/Users/Account1/LendCoins/src/Controller/UsersController.php, line 117]
Trace:
Cake\Error\BaseErrorHandler::handleError() - CORE/src/Error/BaseErrorHandler.php, line 138
App\Controller\UsersController::showLoans() - APP/Controller/UsersController.php, line 117
Cake\Controller\Controller::invokeAction() - CORE/src/Controller/Controller.php, line 416
Cake\Routing\Dispatcher::_invoke() - CORE/src/Routing/Dispatcher.php, line 114
Cake\Routing\Dispatcher::dispatch() - CORE/src/Routing/Dispatcher.php, line 87
[main] - ROOT/webroot/index.php, line 37



2015-09-29 21:27:40 Notice: Notice (8): Undefined index: conditions in [/Users/Account1/LendCoins/vendor/cakephp/cakephp/src/Database/Query.php, line 515]
Trace:
Cake\Error\BaseErrorHandler::handleError() - CORE/src/Error/BaseErrorHandler.php, line 138
Cake\Database\Query::join() - CORE/src/Database/Query.php, line 515
App\Controller\UsersController::showLoans() - APP/Controller/UsersController.php, line 118
Cake\Controller\Controller::invokeAction() - CORE/src/Controller/Controller.php, line 416
Cake\Routing\Dispatcher::_invoke() - CORE/src/Routing/Dispatcher.php, line 114
Cake\Routing\Dispatcher::dispatch() - CORE/src/Routing/Dispatcher.php, line 87
[main] - ROOT/webroot/index.php, line 37



2015-09-29 21:27:40 Notice: Notice (8): Undefined index: conditions in [/Users/Account1/LendCoins/vendor/cakephp/cakephp/src/Database/Query.php, line 515]
Trace:
Cake\Error\BaseErrorHandler::handleError() - CORE/src/Error/BaseErrorHandler.php, line 138
Cake\Database\Query::join() - CORE/src/Database/Query.php, line 515
App\Controller\UsersController::showLoans() - APP/Controller/UsersController.php, line 118
Cake\Controller\Controller::invokeAction() - CORE/src/Controller/Controller.php, line 416
Cake\Routing\Dispatcher::_invoke() - CORE/src/Routing/Dispatcher.php, line 114
Cake\Routing\Dispatcher::dispatch() - CORE/src/Routing/Dispatcher.php, line 87
[main] - ROOT/webroot/index.php, line 37



2015-09-29 21:27:41 Notice: Notice (8): Undefined index: conditions in [/Users/Account1/LendCoins/vendor/cakephp/cakephp/src/Database/Query.php, line 519]
Trace:
Cake\Error\BaseErrorHandler::handleError() - CORE/src/Error/BaseErrorHandler.php, line 138
Cake\Database\Query::join() - CORE/src/Database/Query.php, line 519
App\Controller\UsersController::showLoans() - APP/Controller/UsersController.php, line 118
Cake\Controller\Controller::invokeAction() - CORE/src/Controller/Controller.php, line 416
Cake\Routing\Dispatcher::_invoke() - CORE/src/Routing/Dispatcher.php, line 114
Cake\Routing\Dispatcher::dispatch() - CORE/src/Routing/Dispatcher.php, line 87
[main] - ROOT/webroot/index.php, line 37



2015-09-29 21:27:41 Notice: Notice (8): Undefined index: conditions in [/Users/Account1/LendCoins/vendor/cakephp/cakephp/src/Database/Query.php, line 520]
Trace:
Cake\Error\BaseErrorHandler::handleError() - CORE/src/Error/BaseErrorHandler.php, line 138
Cake\Database\Query::join() - CORE/src/Database/Query.php, line 520
App\Controller\UsersController::showLoans() - APP/Controller/UsersController.php, line 118
Cake\Controller\Controller::invokeAction() - CORE/src/Controller/Controller.php, line 416
Cake\Routing\Dispatcher::_invoke() - CORE/src/Routing/Dispatcher.php, line 114
Cake\Routing\Dispatcher::dispatch() - CORE/src/Routing/Dispatcher.php, line 87
[main] - ROOT/webroot/index.php, line 37



2015-09-29 21:30:05 Notice: Notice (8): Trying to get property of non-object in [/Users/Account1/LendCoins/src/Controller/UsersController.php, line 117]
Trace:
Cake\Error\BaseErrorHandler::handleError() - CORE/src/Error/BaseErrorHandler.php, line 138
App\Controller\UsersController::showLoans() - APP/Controller/UsersController.php, line 117
Cake\Controller\Controller::invokeAction() - CORE/src/Controller/Controller.php, line 416
Cake\Routing\Dispatcher::_invoke() - CORE/src/Routing/Dispatcher.php, line 114
Cake\Routing\Dispatcher::dispatch() - CORE/src/Routing/Dispatcher.php, line 87
[main] - ROOT/webroot/index.php, line 37



2015-09-29 21:30:05 Notice: Notice (8): Undefined index: conditions in [/Users/Account1/LendCoins/vendor/cakephp/cakephp/src/Database/Query.php, line 515]
Trace:
Cake\Error\BaseErrorHandler::handleError() - CORE/src/Error/BaseErrorHandler.php, line 138
Cake\Database\Query::join() - CORE/src/Database/Query.php, line 515
App\Controller\UsersController::showLoans() - APP/Controller/UsersController.php, line 118
Cake\Controller\Controller::invokeAction() - CORE/src/Controller/Controller.php, line 416
Cake\Routing\Dispatcher::_invoke() - CORE/src/Routing/Dispatcher.php, line 114
Cake\Routing\Dispatcher::dispatch() - CORE/src/Routing/Dispatcher.php, line 87
[main] - ROOT/webroot/index.php, line 37



2015-09-29 21:30:05 Notice: Notice (8): Undefined index: conditions in [/Users/Account1/LendCoins/vendor/cakephp/cakephp/src/Database/Query.php, line 515]
Trace:
Cake\Error\BaseErrorHandler::handleError() - CORE/src/Error/BaseErrorHandler.php, line 138
Cake\Database\Query::join() - CORE/src/Database/Query.php, line 515
App\Controller\UsersController::showLoans() - APP/Controller/UsersController.php, line 118
Cake\Controller\Controller::invokeAction() - CORE/src/Controller/Controller.php, line 416
Cake\Routing\Dispatcher::_invoke() - CORE/src/Routing/Dispatcher.php, line 114
Cake\Routing\Dispatcher::dispatch() - CORE/src/Routing/Dispatcher.php, line 87
[main] - ROOT/webroot/index.php, line 37



2015-09-29 21:30:05 Notice: Notice (8): Undefined index: conditions in [/Users/Account1/LendCoins/vendor/cakephp/cakephp/src/Database/Query.php, line 519]
Trace:
Cake\Error\BaseErrorHandler::handleError() - CORE/src/Error/BaseErrorHandler.php, line 138
Cake\Database\Query::join() - CORE/src/Database/Query.php, line 519
App\Controller\UsersController::showLoans() - APP/Controller/UsersController.php, line 118
Cake\Controller\Controller::invokeAction() - CORE/src/Controller/Controller.php, line 416
Cake\Routing\Dispatcher::_invoke() - CORE/src/Routing/Dispatcher.php, line 114
Cake\Routing\Dispatcher::dispatch() - CORE/src/Routing/Dispatcher.php, line 87
[main] - ROOT/webroot/index.php, line 37



2015-09-29 21:30:05 Notice: Notice (8): Undefined index: conditions in [/Users/Account1/LendCoins/vendor/cakephp/cakephp/src/Database/Query.php, line 520]
Trace:
Cake\Error\BaseErrorHandler::handleError() - CORE/src/Error/BaseErrorHandler.php, line 138
Cake\Database\Query::join() - CORE/src/Database/Query.php, line 520
App\Controller\UsersController::showLoans() - APP/Controller/UsersController.php, line 118
Cake\Controller\Controller::invokeAction() - CORE/src/Controller/Controller.php, line 416
Cake\Routing\Dispatcher::_invoke() - CORE/src/Routing/Dispatcher.php, line 114
Cake\Routing\Dispatcher::dispatch() - CORE/src/Routing/Dispatcher.php, line 87
[main] - ROOT/webroot/index.php, line 37



2015-09-29 21:30:06 Notice: Notice (8): Trying to get property of non-object in [/Users/Account1/LendCoins/src/Controller/UsersController.php, line 117]
Trace:
Cake\Error\BaseErrorHandler::handleError() - CORE/src/Error/BaseErrorHandler.php, line 138
App\Controller\UsersController::showLoans() - APP/Controller/UsersController.php, line 117
Cake\Controller\Controller::invokeAction() - CORE/src/Controller/Controller.php, line 416
Cake\Routing\Dispatcher::_invoke() - CORE/src/Routing/Dispatcher.php, line 114
Cake\Routing\Dispatcher::dispatch() - CORE/src/Routing/Dispatcher.php, line 87
[main] - ROOT/webroot/index.php, line 37



2015-09-29 21:30:06 Notice: Notice (8): Undefined index: conditions in [/Users/Account1/LendCoins/vendor/cakephp/cakephp/src/Database/Query.php, line 515]
Trace:
Cake\Error\BaseErrorHandler::handleError() - CORE/src/Error/BaseErrorHandler.php, line 138
Cake\Database\Query::join() - CORE/src/Database/Query.php, line 515
App\Controller\UsersController::showLoans() - APP/Controller/UsersController.php, line 118
Cake\Controller\Controller::invokeAction() - CORE/src/Controller/Controller.php, line 416
Cake\Routing\Dispatcher::_invoke() - CORE/src/Routing/Dispatcher.php, line 114
Cake\Routing\Dispatcher::dispatch() - CORE/src/Routing/Dispatcher.php, line 87
[main] - ROOT/webroot/index.php, line 37



2015-09-29 21:30:06 Notice: Notice (8): Undefined index: conditions in [/Users/Account1/LendCoins/vendor/cakephp/cakephp/src/Database/Query.php, line 515]
Trace:
Cake\Error\BaseErrorHandler::handleError() - CORE/src/Error/BaseErrorHandler.php, line 138
Cake\Database\Query::join() - CORE/src/Database/Query.php, line 515
App\Controller\UsersController::showLoans() - APP/Controller/UsersController.php, line 118
Cake\Controller\Controller::invokeAction() - CORE/src/Controller/Controller.php, line 416
Cake\Routing\Dispatcher::_invoke() - CORE/src/Routing/Dispatcher.php, line 114
Cake\Routing\Dispatcher::dispatch() - CORE/src/Routing/Dispatcher.php, line 87
[main] - ROOT/webroot/index.php, line 37



2015-09-29 21:30:06 Notice: Notice (8): Undefined index: conditions in [/Users/Account1/LendCoins/vendor/cakephp/cakephp/src/Database/Query.php, line 519]
Trace:
Cake\Error\BaseErrorHandler::handleError() - CORE/src/Error/BaseErrorHandler.php, line 138
Cake\Database\Query::join() - CORE/src/Database/Query.php, line 519
App\Controller\UsersController::showLoans() - APP/Controller/UsersController.php, line 118
Cake\Controller\Controller::invokeAction() - CORE/src/Controller/Controller.php, line 416
Cake\Routing\Dispatcher::_invoke() - CORE/src/Routing/Dispatcher.php, line 114
Cake\Routing\Dispatcher::dispatch() - CORE/src/Routing/Dispatcher.php, line 87
[main] - ROOT/webroot/index.php, line 37



2015-09-29 21:30:06 Notice: Notice (8): Undefined index: conditions in [/Users/Account1/LendCoins/vendor/cakephp/cakephp/src/Database/Query.php, line 520]
Trace:
Cake\Error\BaseErrorHandler::handleError() - CORE/src/Error/BaseErrorHandler.php, line 138
Cake\Database\Query::join() - CORE/src/Database/Query.php, line 520
App\Controller\UsersController::showLoans() - APP/Controller/UsersController.php, line 118
Cake\Controller\Controller::invokeAction() - CORE/src/Controller/Controller.php, line 416
Cake\Routing\Dispatcher::_invoke() - CORE/src/Routing/Dispatcher.php, line 114
Cake\Routing\Dispatcher::dispatch() - CORE/src/Routing/Dispatcher.php, line 87
[main] - ROOT/webroot/index.php, line 37



2015-09-29 21:31:15 Notice: Notice (8): Undefined index: conditions in [/Users/Account1/LendCoins/vendor/cakephp/cakephp/src/Database/Query.php, line 515]
Trace:
Cake\Error\BaseErrorHandler::handleError() - CORE/src/Error/BaseErrorHandler.php, line 138
Cake\Database\Query::join() - CORE/src/Database/Query.php, line 515
App\Controller\UsersController::showLoans() - APP/Controller/UsersController.php, line 118
Cake\Controller\Controller::invokeAction() - CORE/src/Controller/Controller.php, line 416
Cake\Routing\Dispatcher::_invoke() - CORE/src/Routing/Dispatcher.php, line 114
Cake\Routing\Dispatcher::dispatch() - CORE/src/Routing/Dispatcher.php, line 87
[main] - ROOT/webroot/index.php, line 37



2015-09-29 21:31:15 Notice: Notice (8): Undefined index: conditions in [/Users/Account1/LendCoins/vendor/cakephp/cakephp/src/Database/Query.php, line 515]
Trace:
Cake\Error\BaseErrorHandler::handleError() - CORE/src/Error/BaseErrorHandler.php, line 138
Cake\Database\Query::join() - CORE/src/Database/Query.php, line 515
App\Controller\UsersController::showLoans() - APP/Controller/UsersController.php, line 118
Cake\Controller\Controller::invokeAction() - CORE/src/Controller/Controller.php, line 416
Cake\Routing\Dispatcher::_invoke() - CORE/src/Routing/Dispatcher.php, line 114
Cake\Routing\Dispatcher::dispatch() - CORE/src/Routing/Dispatcher.php, line 87
[main] - ROOT/webroot/index.php, line 37



2015-09-29 21:31:15 Notice: Notice (8): Undefined index: conditions in [/Users/Account1/LendCoins/vendor/cakephp/cakephp/src/Database/Query.php, line 519]
Trace:
Cake\Error\BaseErrorHandler::handleError() - CORE/src/Error/BaseErrorHandler.php, line 138
Cake\Database\Query::join() - CORE/src/Database/Query.php, line 519
App\Controller\UsersController::showLoans() - APP/Controller/UsersController.php, line 118
Cake\Controller\Controller::invokeAction() - CORE/src/Controller/Controller.php, line 416
Cake\Routing\Dispatcher::_invoke() - CORE/src/Routing/Dispatcher.php, line 114
Cake\Routing\Dispatcher::dispatch() - CORE/src/Routing/Dispatcher.php, line 87
[main] - ROOT/webroot/index.php, line 37



2015-09-29 21:31:15 Notice: Notice (8): Undefined index: conditions in [/Users/Account1/LendCoins/vendor/cakephp/cakephp/src/Database/Query.php, line 520]
Trace:
Cake\Error\BaseErrorHandler::handleError() - CORE/src/Error/BaseErrorHandler.php, line 138
Cake\Database\Query::join() - CORE/src/Database/Query.php, line 520
App\Controller\UsersController::showLoans() - APP/Controller/UsersController.php, line 118
Cake\Controller\Controller::invokeAction() - CORE/src/Controller/Controller.php, line 416
Cake\Routing\Dispatcher::_invoke() - CORE/src/Routing/Dispatcher.php, line 114
Cake\Routing\Dispatcher::dispatch() - CORE/src/Routing/Dispatcher.php, line 87
[main] - ROOT/webroot/index.php, line 37



2015-09-29 21:31:15 Notice: Notice (8): Undefined index: conditions in [/Users/Account1/LendCoins/vendor/cakephp/cakephp/src/Database/Query.php, line 515]
Trace:
Cake\Error\BaseErrorHandler::handleError() - CORE/src/Error/BaseErrorHandler.php, line 138
Cake\Database\Query::join() - CORE/src/Database/Query.php, line 515
App\Controller\UsersController::showLoans() - APP/Controller/UsersController.php, line 118
Cake\Controller\Controller::invokeAction() - CORE/src/Controller/Controller.php, line 416
Cake\Routing\Dispatcher::_invoke() - CORE/src/Routing/Dispatcher.php, line 114
Cake\Routing\Dispatcher::dispatch() - CORE/src/Routing/Dispatcher.php, line 87
[main] - ROOT/webroot/index.php, line 37



2015-09-29 21:31:15 Notice: Notice (8): Undefined index: conditions in [/Users/Account1/LendCoins/vendor/cakephp/cakephp/src/Database/Query.php, line 515]
Trace:
Cake\Error\BaseErrorHandler::handleError() - CORE/src/Error/BaseErrorHandler.php, line 138
Cake\Database\Query::join() - CORE/src/Database/Query.php, line 515
App\Controller\UsersController::showLoans() - APP/Controller/UsersController.php, line 118
Cake\Controller\Controller::invokeAction() - CORE/src/Controller/Controller.php, line 416
Cake\Routing\Dispatcher::_invoke() - CORE/src/Routing/Dispatcher.php, line 114
Cake\Routing\Dispatcher::dispatch() - CORE/src/Routing/Dispatcher.php, line 87
[main] - ROOT/webroot/index.php, line 37



2015-09-29 21:31:16 Notice: Notice (8): Undefined index: conditions in [/Users/Account1/LendCoins/vendor/cakephp/cakephp/src/Database/Query.php, line 519]
Trace:
Cake\Error\BaseErrorHandler::handleError() - CORE/src/Error/BaseErrorHandler.php, line 138
Cake\Database\Query::join() - CORE/src/Database/Query.php, line 519
App\Controller\UsersController::showLoans() - APP/Controller/UsersController.php, line 118
Cake\Controller\Controller::invokeAction() - CORE/src/Controller/Controller.php, line 416
Cake\Routing\Dispatcher::_invoke() - CORE/src/Routing/Dispatcher.php, line 114
Cake\Routing\Dispatcher::dispatch() - CORE/src/Routing/Dispatcher.php, line 87
[main] - ROOT/webroot/index.php, line 37



2015-09-29 21:31:16 Notice: Notice (8): Undefined index: conditions in [/Users/Account1/LendCoins/vendor/cakephp/cakephp/src/Database/Query.php, line 520]
Trace:
Cake\Error\BaseErrorHandler::handleError() - CORE/src/Error/BaseErrorHandler.php, line 138
Cake\Database\Query::join() - CORE/src/Database/Query.php, line 520
App\Controller\UsersController::showLoans() - APP/Controller/UsersController.php, line 118
Cake\Controller\Controller::invokeAction() - CORE/src/Controller/Controller.php, line 416
Cake\Routing\Dispatcher::_invoke() - CORE/src/Routing/Dispatcher.php, line 114
Cake\Routing\Dispatcher::dispatch() - CORE/src/Routing/Dispatcher.php, line 87
[main] - ROOT/webroot/index.php, line 37



2015-09-29 22:17:09 Notice: Notice (8): Undefined variable: thia in [/Users/Account1/LendCoins/src/Template/Users/login.ctp, line 5]
Trace:
Cake\Error\BaseErrorHandler::handleError() - CORE/src/Error/BaseErrorHandler.php, line 138
include - APP/Template/Users/login.ctp, line 5
Cake\View\View::_evaluate() - CORE/src/View/View.php, line 970
Cake\View\View::_render() - CORE/src/View/View.php, line 930
Cake\View\View::render() - CORE/src/View/View.php, line 578
Cake\Controller\Controller::render() - CORE/src/Controller/Controller.php, line 598
Cake\Routing\Dispatcher::_invoke() - CORE/src/Routing/Dispatcher.php, line 120
Cake\Routing\Dispatcher::dispatch() - CORE/src/Routing/Dispatcher.php, line 87
[main] - ROOT/webroot/index.php, line 37



2015-09-29 22:17:09 Notice: Notice (8): Trying to get property of non-object in [/Users/Account1/LendCoins/src/Template/Users/login.ctp, line 5]
Trace:
Cake\Error\BaseErrorHandler::handleError() - CORE/src/Error/BaseErrorHandler.php, line 138
include - APP/Template/Users/login.ctp, line 5
Cake\View\View::_evaluate() - CORE/src/View/View.php, line 970
Cake\View\View::_render() - CORE/src/View/View.php, line 930
Cake\View\View::render() - CORE/src/View/View.php, line 578
Cake\Controller\Controller::render() - CORE/src/Controller/Controller.php, line 598
Cake\Routing\Dispatcher::_invoke() - CORE/src/Routing/Dispatcher.php, line 120
Cake\Routing\Dispatcher::dispatch() - CORE/src/Routing/Dispatcher.php, line 87
[main] - ROOT/webroot/index.php, line 37



2015-09-30 01:31:28 Notice: Notice (8): Undefined offset: 0 in [/Users/Account1/LendCoins/src/Controller/UsersController.php, line 117]
Trace:
Cake\Error\BaseErrorHandler::handleError() - CORE/src/Error/BaseErrorHandler.php, line 138
App\Controller\UsersController::showLoans() - APP/Controller/UsersController.php, line 117
Cake\Controller\Controller::invokeAction() - CORE/src/Controller/Controller.php, line 416
Cake\Routing\Dispatcher::_invoke() - CORE/src/Routing/Dispatcher.php, line 114
Cake\Routing\Dispatcher::dispatch() - CORE/src/Routing/Dispatcher.php, line 87
[main] - ROOT/webroot/index.php, line 37



2015-09-30 18:35:20 Notice: Notice (8): Undefined offset: 0 in [/Users/Account1/LendCoins/src/Controller/UsersController.php, line 117]
Trace:
Cake\Error\BaseErrorHandler::handleError() - CORE/src/Error/BaseErrorHandler.php, line 138
App\Controller\UsersController::showLoans() - APP/Controller/UsersController.php, line 117
Cake\Controller\Controller::invokeAction() - CORE/src/Controller/Controller.php, line 416
Cake\Routing\Dispatcher::_invoke() - CORE/src/Routing/Dispatcher.php, line 114
Cake\Routing\Dispatcher::dispatch() - CORE/src/Routing/Dispatcher.php, line 87
[main] - ROOT/webroot/index.php, line 37



2015-09-30 18:38:17 Notice: Notice (8): Undefined offset: 0 in [/Users/Account1/LendCoins/src/Controller/LoansController.php, line 51]
Trace:
Cake\Error\BaseErrorHandler::handleError() - CORE/src/Error/BaseErrorHandler.php, line 138
App\Controller\LoansController::add() - APP/Controller/LoansController.php, line 51
Cake\Controller\Controller::invokeAction() - CORE/src/Controller/Controller.php, line 416
Cake\Routing\Dispatcher::_invoke() - CORE/src/Routing/Dispatcher.php, line 114
Cake\Routing\Dispatcher::dispatch() - CORE/src/Routing/Dispatcher.php, line 87
[main] - ROOT/webroot/index.php, line 37



2015-09-30 18:38:17 Notice: Notice (8): Undefined variable: collaterial in [/Users/Account1/LendCoins/src/Template/collaterial/add.ctp, line 10]
Trace:
Cake\Error\BaseErrorHandler::handleError() - CORE/src/Error/BaseErrorHandler.php, line 138
include - APP/Template/collaterial/add.ctp, line 10
Cake\View\View::_evaluate() - CORE/src/View/View.php, line 970
Cake\View\View::_render() - CORE/src/View/View.php, line 930
Cake\View\View::render() - CORE/src/View/View.php, line 578
Cake\Controller\Controller::render() - CORE/src/Controller/Controller.php, line 598
App\Controller\LoansController::add() - APP/Controller/LoansController.php, line 67
Cake\Controller\Controller::invokeAction() - CORE/src/Controller/Controller.php, line 416
Cake\Routing\Dispatcher::_invoke() - CORE/src/Routing/Dispatcher.php, line 114
Cake\Routing\Dispatcher::dispatch() - CORE/src/Routing/Dispatcher.php, line 87
[main] - ROOT/webroot/index.php, line 37



2015-09-30 18:38:17 Notice: Notice (8): Undefined variable: loans in [/Users/Account1/LendCoins/src/Template/collaterial/add.ctp, line 18]
Trace:
Cake\Error\BaseErrorHandler::handleError() - CORE/src/Error/BaseErrorHandler.php, line 138
include - APP/Template/collaterial/add.ctp, line 18
Cake\View\View::_evaluate() - CORE/src/View/View.php, line 970
Cake\View\View::_render() - CORE/src/View/View.php, line 930
Cake\View\View::render() - CORE/src/View/View.php, line 578
Cake\Controller\Controller::render() - CORE/src/Controller/Controller.php, line 598
App\Controller\LoansController::add() - APP/Controller/LoansController.php, line 67
Cake\Controller\Controller::invokeAction() - CORE/src/Controller/Controller.php, line 416
Cake\Routing\Dispatcher::_invoke() - CORE/src/Routing/Dispatcher.php, line 114
Cake\Routing\Dispatcher::dispatch() - CORE/src/Routing/Dispatcher.php, line 87
[main] - ROOT/webroot/index.php, line 37



2015-09-30 18:42:40 Notice: Notice (8): Undefined variable: collaterial in [/Users/Account1/LendCoins/src/Template/collaterial/add.ctp, line 10]
Trace:
Cake\Error\BaseErrorHandler::handleError() - CORE/src/Error/BaseErrorHandler.php, line 138
include - APP/Template/collaterial/add.ctp, line 10
Cake\View\View::_evaluate() - CORE/src/View/View.php, line 970
Cake\View\View::_render() - CORE/src/View/View.php, line 930
Cake\View\View::render() - CORE/src/View/View.php, line 578
Cake\Controller\Controller::render() - CORE/src/Controller/Controller.php, line 598
App\Controller\LoansController::add() - APP/Controller/LoansController.php, line 67
Cake\Controller\Controller::invokeAction() - CORE/src/Controller/Controller.php, line 416
Cake\Routing\Dispatcher::_invoke() - CORE/src/Routing/Dispatcher.php, line 114
Cake\Routing\Dispatcher::dispatch() - CORE/src/Routing/Dispatcher.php, line 87
[main] - ROOT/webroot/index.php, line 37



2015-09-30 18:42:40 Notice: Notice (8): Undefined variable: loans in [/Users/Account1/LendCoins/src/Template/collaterial/add.ctp, line 18]
Trace:
Cake\Error\BaseErrorHandler::handleError() - CORE/src/Error/BaseErrorHandler.php, line 138
include - APP/Template/collaterial/add.ctp, line 18
Cake\View\View::_evaluate() - CORE/src/View/View.php, line 970
Cake\View\View::_render() - CORE/src/View/View.php, line 930
Cake\View\View::render() - CORE/src/View/View.php, line 578
Cake\Controller\Controller::render() - CORE/src/Controller/Controller.php, line 598
App\Controller\LoansController::add() - APP/Controller/LoansController.php, line 67
Cake\Controller\Controller::invokeAction() - CORE/src/Controller/Controller.php, line 416
Cake\Routing\Dispatcher::_invoke() - CORE/src/Routing/Dispatcher.php, line 114
Cake\Routing\Dispatcher::dispatch() - CORE/src/Routing/Dispatcher.php, line 87
[main] - ROOT/webroot/index.php, line 37



2015-09-30 18:50:55 Notice: Notice (8): Undefined variable: collaterial in [/Users/Account1/LendCoins/src/Template/collaterial/add.ctp, line 10]
Trace:
Cake\Error\BaseErrorHandler::handleError() - CORE/src/Error/BaseErrorHandler.php, line 138
include - APP/Template/collaterial/add.ctp, line 10
Cake\View\View::_evaluate() - CORE/src/View/View.php, line 970
Cake\View\View::_render() - CORE/src/View/View.php, line 930
Cake\View\View::render() - CORE/src/View/View.php, line 578
Cake\Controller\Controller::render() - CORE/src/Controller/Controller.php, line 598
App\Controller\LoansController::add() - APP/Controller/LoansController.php, line 67
Cake\Controller\Controller::invokeAction() - CORE/src/Controller/Controller.php, line 416
Cake\Routing\Dispatcher::_invoke() - CORE/src/Routing/Dispatcher.php, line 114
Cake\Routing\Dispatcher::dispatch() - CORE/src/Routing/Dispatcher.php, line 87
[main] - ROOT/webroot/index.php, line 37



2015-09-30 18:50:55 Notice: Notice (8): Undefined variable: loans in [/Users/Account1/LendCoins/src/Template/collaterial/add.ctp, line 18]
Trace:
Cake\Error\BaseErrorHandler::handleError() - CORE/src/Error/BaseErrorHandler.php, line 138
include - APP/Template/collaterial/add.ctp, line 18
Cake\View\View::_evaluate() - CORE/src/View/View.php, line 970
Cake\View\View::_render() - CORE/src/View/View.php, line 930
Cake\View\View::render() - CORE/src/View/View.php, line 578
Cake\Controller\Controller::render() - CORE/src/Controller/Controller.php, line 598
App\Controller\LoansController::add() - APP/Controller/LoansController.php, line 67
Cake\Controller\Controller::invokeAction() - CORE/src/Controller/Controller.php, line 416
Cake\Routing\Dispatcher::_invoke() - CORE/src/Routing/Dispatcher.php, line 114
Cake\Routing\Dispatcher::dispatch() - CORE/src/Routing/Dispatcher.php, line 87
[main] - ROOT/webroot/index.php, line 37



2015-09-30 19:03:57 Notice: Notice (8): Undefined variable: collaterial in [/Users/Account1/LendCoins/src/Template/collaterial/add.ctp, line 10]
Trace:
Cake\Error\BaseErrorHandler::handleError() - CORE/src/Error/BaseErrorHandler.php, line 138
include - APP/Template/collaterial/add.ctp, line 10
Cake\View\View::_evaluate() - CORE/src/View/View.php, line 970
Cake\View\View::_render() - CORE/src/View/View.php, line 930
Cake\View\View::render() - CORE/src/View/View.php, line 578
Cake\Controller\Controller::render() - CORE/src/Controller/Controller.php, line 598
App\Controller\LoansController::add() - APP/Controller/LoansController.php, line 67
Cake\Controller\Controller::invokeAction() - CORE/src/Controller/Controller.php, line 416
Cake\Routing\Dispatcher::_invoke() - CORE/src/Routing/Dispatcher.php, line 114
Cake\Routing\Dispatcher::dispatch() - CORE/src/Routing/Dispatcher.php, line 87
[main] - ROOT/webroot/index.php, line 37



2015-09-30 19:03:58 Notice: Notice (8): Undefined variable: loans in [/Users/Account1/LendCoins/src/Template/collaterial/add.ctp, line 18]
Trace:
Cake\Error\BaseErrorHandler::handleError() - CORE/src/Error/BaseErrorHandler.php, line 138
include - APP/Template/collaterial/add.ctp, line 18
Cake\View\View::_evaluate() - CORE/src/View/View.php, line 970
Cake\View\View::_render() - CORE/src/View/View.php, line 930
Cake\View\View::render() - CORE/src/View/View.php, line 578
Cake\Controller\Controller::render() - CORE/src/Controller/Controller.php, line 598
App\Controller\LoansController::add() - APP/Controller/LoansController.php, line 67
Cake\Controller\Controller::invokeAction() - CORE/src/Controller/Controller.php, line 416
Cake\Routing\Dispatcher::_invoke() - CORE/src/Routing/Dispatcher.php, line 114
Cake\Routing\Dispatcher::dispatch() - CORE/src/Routing/Dispatcher.php, line 87
[main] - ROOT/webroot/index.php, line 37



2015-09-30 19:05:25 Notice: Notice (8): Undefined variable: collaterial in [/Users/Account1/LendCoins/src/Template/collaterial/add.ctp, line 10]
Trace:
Cake\Error\BaseErrorHandler::handleError() - CORE/src/Error/BaseErrorHandler.php, line 138
include - APP/Template/collaterial/add.ctp, line 10
Cake\View\View::_evaluate() - CORE/src/View/View.php, line 970
Cake\View\View::_render() - CORE/src/View/View.php, line 930
Cake\View\View::render() - CORE/src/View/View.php, line 578
Cake\Controller\Controller::render() - CORE/src/Controller/Controller.php, line 598
App\Controller\LoansController::add() - APP/Controller/LoansController.php, line 67
Cake\Controller\Controller::invokeAction() - CORE/src/Controller/Controller.php, line 416
Cake\Routing\Dispatcher::_invoke() - CORE/src/Routing/Dispatcher.php, line 114
Cake\Routing\Dispatcher::dispatch() - CORE/src/Routing/Dispatcher.php, line 87
[main] - ROOT/webroot/index.php, line 37



2015-09-30 19:05:25 Notice: Notice (8): Undefined variable: loans in [/Users/Account1/LendCoins/src/Template/collaterial/add.ctp, line 18]
Trace:
Cake\Error\BaseErrorHandler::handleError() - CORE/src/Error/BaseErrorHandler.php, line 138
include - APP/Template/collaterial/add.ctp, line 18
Cake\View\View::_evaluate() - CORE/src/View/View.php, line 970
Cake\View\View::_render() - CORE/src/View/View.php, line 930
Cake\View\View::render() - CORE/src/View/View.php, line 578
Cake\Controller\Controller::render() - CORE/src/Controller/Controller.php, line 598
App\Controller\LoansController::add() - APP/Controller/LoansController.php, line 67
Cake\Controller\Controller::invokeAction() - CORE/src/Controller/Controller.php, line 416
Cake\Routing\Dispatcher::_invoke() - CORE/src/Routing/Dispatcher.php, line 114
Cake\Routing\Dispatcher::dispatch() - CORE/src/Routing/Dispatcher.php, line 87
[main] - ROOT/webroot/index.php, line 37



2015-10-02 19:00:12 Notice: Notice (8): Undefined offset: 0 in [/Users/Account1/LendCoins/src/Controller/LoansController.php, line 52]
Trace:
Cake\Error\BaseErrorHandler::handleError() - CORE/src/Error/BaseErrorHandler.php, line 138
App\Controller\LoansController::add() - APP/Controller/LoansController.php, line 52
Cake\Controller\Controller::invokeAction() - CORE/src/Controller/Controller.php, line 416
Cake\Routing\Dispatcher::_invoke() - CORE/src/Routing/Dispatcher.php, line 114
Cake\Routing\Dispatcher::dispatch() - CORE/src/Routing/Dispatcher.php, line 87
[main] - ROOT/webroot/index.php, line 37



2015-10-02 19:00:12 Notice: Notice (8): Undefined variable: collaterial in [/Users/Account1/LendCoins/src/Template/collaterial/add.ctp, line 10]
Trace:
Cake\Error\BaseErrorHandler::handleError() - CORE/src/Error/BaseErrorHandler.php, line 138
include - APP/Template/collaterial/add.ctp, line 10
Cake\View\View::_evaluate() - CORE/src/View/View.php, line 970
Cake\View\View::_render() - CORE/src/View/View.php, line 930
Cake\View\View::render() - CORE/src/View/View.php, line 578
Cake\Controller\Controller::render() - CORE/src/Controller/Controller.php, line 598
App\Controller\LoansController::add() - APP/Controller/LoansController.php, line 68
Cake\Controller\Controller::invokeAction() - CORE/src/Controller/Controller.php, line 416
Cake\Routing\Dispatcher::_invoke() - CORE/src/Routing/Dispatcher.php, line 114
Cake\Routing\Dispatcher::dispatch() - CORE/src/Routing/Dispatcher.php, line 87
[main] - ROOT/webroot/index.php, line 37



2015-10-02 19:00:12 Notice: Notice (8): Undefined variable: loans in [/Users/Account1/LendCoins/src/Template/collaterial/add.ctp, line 18]
Trace:
Cake\Error\BaseErrorHandler::handleError() - CORE/src/Error/BaseErrorHandler.php, line 138
include - APP/Template/collaterial/add.ctp, line 18
Cake\View\View::_evaluate() - CORE/src/View/View.php, line 970
Cake\View\View::_render() - CORE/src/View/View.php, line 930
Cake\View\View::render() - CORE/src/View/View.php, line 578
Cake\Controller\Controller::render() - CORE/src/Controller/Controller.php, line 598
App\Controller\LoansController::add() - APP/Controller/LoansController.php, line 68
Cake\Controller\Controller::invokeAction() - CORE/src/Controller/Controller.php, line 416
Cake\Routing\Dispatcher::_invoke() - CORE/src/Routing/Dispatcher.php, line 114
Cake\Routing\Dispatcher::dispatch() - CORE/src/Routing/Dispatcher.php, line 87
[main] - ROOT/webroot/index.php, line 37



2015-10-02 19:04:25 Notice: Notice (8): Undefined variable: collaterial in [/Users/Account1/LendCoins/src/Template/collaterial/add.ctp, line 10]
Trace:
Cake\Error\BaseErrorHandler::handleError() - CORE/src/Error/BaseErrorHandler.php, line 138
include - APP/Template/collaterial/add.ctp, line 10
Cake\View\View::_evaluate() - CORE/src/View/View.php, line 970
Cake\View\View::_render() - CORE/src/View/View.php, line 930
Cake\View\View::render() - CORE/src/View/View.php, line 578
Cake\Controller\Controller::render() - CORE/src/Controller/Controller.php, line 598
App\Controller\LoansController::add() - APP/Controller/LoansController.php, line 68
Cake\Controller\Controller::invokeAction() - CORE/src/Controller/Controller.php, line 416
Cake\Routing\Dispatcher::_invoke() - CORE/src/Routing/Dispatcher.php, line 114
Cake\Routing\Dispatcher::dispatch() - CORE/src/Routing/Dispatcher.php, line 87
[main] - ROOT/webroot/index.php, line 37



2015-10-02 19:04:25 Notice: Notice (8): Undefined variable: loans in [/Users/Account1/LendCoins/src/Template/collaterial/add.ctp, line 18]
Trace:
Cake\Error\BaseErrorHandler::handleError() - CORE/src/Error/BaseErrorHandler.php, line 138
include - APP/Template/collaterial/add.ctp, line 18
Cake\View\View::_evaluate() - CORE/src/View/View.php, line 970
Cake\View\View::_render() - CORE/src/View/View.php, line 930
Cake\View\View::render() - CORE/src/View/View.php, line 578
Cake\Controller\Controller::render() - CORE/src/Controller/Controller.php, line 598
App\Controller\LoansController::add() - APP/Controller/LoansController.php, line 68
Cake\Controller\Controller::invokeAction() - CORE/src/Controller/Controller.php, line 416
Cake\Routing\Dispatcher::_invoke() - CORE/src/Routing/Dispatcher.php, line 114
Cake\Routing\Dispatcher::dispatch() - CORE/src/Routing/Dispatcher.php, line 87
[main] - ROOT/webroot/index.php, line 37



2015-10-02 19:05:40 Notice: Notice (8): Undefined variable: collaterial in [/Users/Account1/LendCoins/src/Template/collaterial/add.ctp, line 10]
Trace:
Cake\Error\BaseErrorHandler::handleError() - CORE/src/Error/BaseErrorHandler.php, line 138
include - APP/Template/collaterial/add.ctp, line 10
Cake\View\View::_evaluate() - CORE/src/View/View.php, line 970
Cake\View\View::_render() - CORE/src/View/View.php, line 930
Cake\View\View::render() - CORE/src/View/View.php, line 578
Cake\Controller\Controller::render() - CORE/src/Controller/Controller.php, line 598
App\Controller\LoansController::add() - APP/Controller/LoansController.php, line 68
Cake\Controller\Controller::invokeAction() - CORE/src/Controller/Controller.php, line 416
Cake\Routing\Dispatcher::_invoke() - CORE/src/Routing/Dispatcher.php, line 114
Cake\Routing\Dispatcher::dispatch() - CORE/src/Routing/Dispatcher.php, line 87
[main] - ROOT/webroot/index.php, line 37



2015-10-02 19:05:40 Notice: Notice (8): Undefined variable: loans in [/Users/Account1/LendCoins/src/Template/collaterial/add.ctp, line 18]
Trace:
Cake\Error\BaseErrorHandler::handleError() - CORE/src/Error/BaseErrorHandler.php, line 138
include - APP/Template/collaterial/add.ctp, line 18
Cake\View\View::_evaluate() - CORE/src/View/View.php, line 970
Cake\View\View::_render() - CORE/src/View/View.php, line 930
Cake\View\View::render() - CORE/src/View/View.php, line 578
Cake\Controller\Controller::render() - CORE/src/Controller/Controller.php, line 598
App\Controller\LoansController::add() - APP/Controller/LoansController.php, line 68
Cake\Controller\Controller::invokeAction() - CORE/src/Controller/Controller.php, line 416
Cake\Routing\Dispatcher::_invoke() - CORE/src/Routing/Dispatcher.php, line 114
Cake\Routing\Dispatcher::dispatch() - CORE/src/Routing/Dispatcher.php, line 87
[main] - ROOT/webroot/index.php, line 37



2015-10-02 19:18:43 Notice: Notice (8): Undefined variable: collaterial in [/Users/Account1/LendCoins/src/Template/collaterial/add.ctp, line 10]
Trace:
Cake\Error\BaseErrorHandler::handleError() - CORE/src/Error/BaseErrorHandler.php, line 138
include - APP/Template/collaterial/add.ctp, line 10
Cake\View\View::_evaluate() - CORE/src/View/View.php, line 970
Cake\View\View::_render() - CORE/src/View/View.php, line 930
Cake\View\View::render() - CORE/src/View/View.php, line 578
Cake\Controller\Controller::render() - CORE/src/Controller/Controller.php, line 598
App\Controller\LoansController::add() - APP/Controller/LoansController.php, line 68
Cake\Controller\Controller::invokeAction() - CORE/src/Controller/Controller.php, line 416
Cake\Routing\Dispatcher::_invoke() - CORE/src/Routing/Dispatcher.php, line 114
Cake\Routing\Dispatcher::dispatch() - CORE/src/Routing/Dispatcher.php, line 87
[main] - ROOT/webroot/index.php, line 37



2015-10-02 19:18:43 Notice: Notice (8): Undefined variable: loans in [/Users/Account1/LendCoins/src/Template/collaterial/add.ctp, line 18]
Trace:
Cake\Error\BaseErrorHandler::handleError() - CORE/src/Error/BaseErrorHandler.php, line 138
include - APP/Template/collaterial/add.ctp, line 18
Cake\View\View::_evaluate() - CORE/src/View/View.php, line 970
Cake\View\View::_render() - CORE/src/View/View.php, line 930
Cake\View\View::render() - CORE/src/View/View.php, line 578
Cake\Controller\Controller::render() - CORE/src/Controller/Controller.php, line 598
App\Controller\LoansController::add() - APP/Controller/LoansController.php, line 68
Cake\Controller\Controller::invokeAction() - CORE/src/Controller/Controller.php, line 416
Cake\Routing\Dispatcher::_invoke() - CORE/src/Routing/Dispatcher.php, line 114
Cake\Routing\Dispatcher::dispatch() - CORE/src/Routing/Dispatcher.php, line 87
[main] - ROOT/webroot/index.php, line 37



2015-10-02 19:36:01 Notice: Notice (8): Undefined variable: loans in [/Users/Account1/LendCoins/src/Template/collaterial/add.ctp, line 4]
Trace:
Cake\Error\BaseErrorHandler::handleError() - CORE/src/Error/BaseErrorHandler.php, line 138
include - APP/Template/collaterial/add.ctp, line 4
Cake\View\View::_evaluate() - CORE/src/View/View.php, line 970
Cake\View\View::_render() - CORE/src/View/View.php, line 930
Cake\View\View::render() - CORE/src/View/View.php, line 578
Cake\Controller\Controller::render() - CORE/src/Controller/Controller.php, line 598
App\Controller\LoansController::add() - APP/Controller/LoansController.php, line 68
Cake\Controller\Controller::invokeAction() - CORE/src/Controller/Controller.php, line 416
Cake\Routing\Dispatcher::_invoke() - CORE/src/Routing/Dispatcher.php, line 114
Cake\Routing\Dispatcher::dispatch() - CORE/src/Routing/Dispatcher.php, line 87
[main] - ROOT/webroot/index.php, line 37



2015-10-02 19:36:01 Notice: Notice (8): Undefined variable: escrow in [/Users/Account1/LendCoins/src/Template/collaterial/add.ctp, line 6]
Trace:
Cake\Error\BaseErrorHandler::handleError() - CORE/src/Error/BaseErrorHandler.php, line 138
include - APP/Template/collaterial/add.ctp, line 6
Cake\View\View::_evaluate() - CORE/src/View/View.php, line 970
Cake\View\View::_render() - CORE/src/View/View.php, line 930
Cake\View\View::render() - CORE/src/View/View.php, line 578
Cake\Controller\Controller::render() - CORE/src/Controller/Controller.php, line 598
App\Controller\LoansController::add() - APP/Controller/LoansController.php, line 68
Cake\Controller\Controller::invokeAction() - CORE/src/Controller/Controller.php, line 416
Cake\Routing\Dispatcher::_invoke() - CORE/src/Routing/Dispatcher.php, line 114
Cake\Routing\Dispatcher::dispatch() - CORE/src/Routing/Dispatcher.php, line 87
[main] - ROOT/webroot/index.php, line 37



2015-10-02 19:43:40 Notice: Notice (8): Undefined variable: escrow in [/Users/Account1/LendCoins/src/Template/Loans/add.ctp, line 11]
Trace:
Cake\Error\BaseErrorHandler::handleError() - CORE/src/Error/BaseErrorHandler.php, line 138
include - APP/Template/Loans/add.ctp, line 11
Cake\View\View::_evaluate() - CORE/src/View/View.php, line 970
Cake\View\View::_render() - CORE/src/View/View.php, line 930
Cake\View\View::render() - CORE/src/View/View.php, line 578
Cake\Controller\Controller::render() - CORE/src/Controller/Controller.php, line 598
Cake\Routing\Dispatcher::_invoke() - CORE/src/Routing/Dispatcher.php, line 120
Cake\Routing\Dispatcher::dispatch() - CORE/src/Routing/Dispatcher.php, line 87
[main] - ROOT/webroot/index.php, line 37



2015-10-02 19:43:40 Notice: Notice (8): Undefined variable: collaterial in [/Users/Account1/LendCoins/src/Template/Loans/add.ctp, line 12]
Trace:
Cake\Error\BaseErrorHandler::handleError() - CORE/src/Error/BaseErrorHandler.php, line 138
include - APP/Template/Loans/add.ctp, line 12
Cake\View\View::_evaluate() - CORE/src/View/View.php, line 970
Cake\View\View::_render() - CORE/src/View/View.php, line 930
Cake\View\View::render() - CORE/src/View/View.php, line 578
Cake\Controller\Controller::render() - CORE/src/Controller/Controller.php, line 598
Cake\Routing\Dispatcher::_invoke() - CORE/src/Routing/Dispatcher.php, line 120
Cake\Routing\Dispatcher::dispatch() - CORE/src/Routing/Dispatcher.php, line 87
[main] - ROOT/webroot/index.php, line 37



2015-10-02 19:58:46 Notice: Notice (8): Undefined variable: collaterial in [/Users/Account1/LendCoins/src/Template/Loans/add.ctp, line 12]
Trace:
Cake\Error\BaseErrorHandler::handleError() - CORE/src/Error/BaseErrorHandler.php, line 138
include - APP/Template/Loans/add.ctp, line 12
Cake\View\View::_evaluate() - CORE/src/View/View.php, line 970
Cake\View\View::_render() - CORE/src/View/View.php, line 930
Cake\View\View::render() - CORE/src/View/View.php, line 578
Cake\Controller\Controller::render() - CORE/src/Controller/Controller.php, line 598
Cake\Routing\Dispatcher::_invoke() - CORE/src/Routing/Dispatcher.php, line 120
Cake\Routing\Dispatcher::dispatch() - CORE/src/Routing/Dispatcher.php, line 87
[main] - ROOT/webroot/index.php, line 37



2015-10-02 20:02:10 Notice: Notice (8): Undefined variable: collaterial in [/Users/Account1/LendCoins/src/Template/Loans/add.ctp, line 12]
Trace:
Cake\Error\BaseErrorHandler::handleError() - CORE/src/Error/BaseErrorHandler.php, line 138
include - APP/Template/Loans/add.ctp, line 12
Cake\View\View::_evaluate() - CORE/src/View/View.php, line 970
Cake\View\View::_render() - CORE/src/View/View.php, line 930
Cake\View\View::render() - CORE/src/View/View.php, line 578
Cake\Controller\Controller::render() - CORE/src/Controller/Controller.php, line 598
Cake\Routing\Dispatcher::_invoke() - CORE/src/Routing/Dispatcher.php, line 120
Cake\Routing\Dispatcher::dispatch() - CORE/src/Routing/Dispatcher.php, line 87
[main] - ROOT/webroot/index.php, line 37



2015-10-02 20:54:44 Notice: Notice (8): Undefined variable: collaterial in [/Users/Account1/LendCoins/src/Template/Loans/add.ctp, line 12]
Trace:
Cake\Error\BaseErrorHandler::handleError() - CORE/src/Error/BaseErrorHandler.php, line 138
include - APP/Template/Loans/add.ctp, line 12
Cake\View\View::_evaluate() - CORE/src/View/View.php, line 970
Cake\View\View::_render() - CORE/src/View/View.php, line 930
Cake\View\View::render() - CORE/src/View/View.php, line 578
Cake\Controller\Controller::render() - CORE/src/Controller/Controller.php, line 598
Cake\Routing\Dispatcher::_invoke() - CORE/src/Routing/Dispatcher.php, line 120
Cake\Routing\Dispatcher::dispatch() - CORE/src/Routing/Dispatcher.php, line 87
[main] - ROOT/webroot/index.php, line 37



2015-10-02 21:13:19 Notice: Notice (8): Undefined variable: escrow in [/Users/Account1/LendCoins/src/Template/Collaterial/add.ctp, line 6]
Trace:
Cake\Error\BaseErrorHandler::handleError() - CORE/src/Error/BaseErrorHandler.php, line 138
include - APP/Template/Collaterial/add.ctp, line 6
Cake\View\View::_evaluate() - CORE/src/View/View.php, line 970
Cake\View\View::_render() - CORE/src/View/View.php, line 930
Cake\View\View::render() - CORE/src/View/View.php, line 578
Cake\Controller\Controller::render() - CORE/src/Controller/Controller.php, line 598
Cake\Routing\Dispatcher::_invoke() - CORE/src/Routing/Dispatcher.php, line 120
Cake\Routing\Dispatcher::dispatch() - CORE/src/Routing/Dispatcher.php, line 87
[main] - ROOT/webroot/index.php, line 37



2015-10-02 21:25:16 Notice: Notice (8): Undefined variable: loans in [/Users/Account1/LendCoins/src/Controller/CollaterialController.php, line 61]
Trace:
Cake\Error\BaseErrorHandler::handleError() - CORE/src/Error/BaseErrorHandler.php, line 138
App\Controller\CollaterialController::add() - APP/Controller/CollaterialController.php, line 61
Cake\Controller\Controller::invokeAction() - CORE/src/Controller/Controller.php, line 416
Cake\Routing\Dispatcher::_invoke() - CORE/src/Routing/Dispatcher.php, line 114
Cake\Routing\Dispatcher::dispatch() - CORE/src/Routing/Dispatcher.php, line 87
[main] - ROOT/webroot/index.php, line 37



2015-10-02 21:25:17 Notice: Notice (8): Undefined variable: loans in [/Users/Account1/LendCoins/src/Controller/CollaterialController.php, line 61]
Trace:
Cake\Error\BaseErrorHandler::handleError() - CORE/src/Error/BaseErrorHandler.php, line 138
App\Controller\CollaterialController::add() - APP/Controller/CollaterialController.php, line 61
Cake\Controller\Controller::invokeAction() - CORE/src/Controller/Controller.php, line 416
Cake\Routing\Dispatcher::_invoke() - CORE/src/Routing/Dispatcher.php, line 114
Cake\Routing\Dispatcher::dispatch() - CORE/src/Routing/Dispatcher.php, line 87
[main] - ROOT/webroot/index.php, line 37



2015-10-02 21:41:58 Notice: Notice (8): Array to string conversion in [/Users/Account1/LendCoins/src/Template/Collaterial/add.ctp, line 6]
Trace:
Cake\Error\BaseErrorHandler::handleError() - CORE/src/Error/BaseErrorHandler.php, line 138
include - APP/Template/Collaterial/add.ctp, line 6
Cake\View\View::_evaluate() - CORE/src/View/View.php, line 970
Cake\View\View::_render() - CORE/src/View/View.php, line 930
Cake\View\View::render() - CORE/src/View/View.php, line 578
Cake\Controller\Controller::render() - CORE/src/Controller/Controller.php, line 598
Cake\Routing\Dispatcher::_invoke() - CORE/src/Routing/Dispatcher.php, line 120
Cake\Routing\Dispatcher::dispatch() - CORE/src/Routing/Dispatcher.php, line 87
[main] - ROOT/webroot/index.php, line 37



2015-10-02 21:41:58 Notice: Notice (8): Undefined variable: escrows in [/Users/Account1/LendCoins/src/Template/Collaterial/add.ctp, line 7]
Trace:
Cake\Error\BaseErrorHandler::handleError() - CORE/src/Error/BaseErrorHandler.php, line 138
include - APP/Template/Collaterial/add.ctp, line 7
Cake\View\View::_evaluate() - CORE/src/View/View.php, line 970
Cake\View\View::_render() - CORE/src/View/View.php, line 930
Cake\View\View::render() - CORE/src/View/View.php, line 578
Cake\Controller\Controller::render() - CORE/src/Controller/Controller.php, line 598
Cake\Routing\Dispatcher::_invoke() - CORE/src/Routing/Dispatcher.php, line 120
Cake\Routing\Dispatcher::dispatch() - CORE/src/Routing/Dispatcher.php, line 87
[main] - ROOT/webroot/index.php, line 37



2015-10-02 21:43:22 Notice: Notice (8): Undefined variable: escrow in [/Users/Account1/LendCoins/src/Template/Collaterial/add.ctp, line 6]
Trace:
Cake\Error\BaseErrorHandler::handleError() - CORE/src/Error/BaseErrorHandler.php, line 138
include - APP/Template/Collaterial/add.ctp, line 6
Cake\View\View::_evaluate() - CORE/src/View/View.php, line 970
Cake\View\View::_render() - CORE/src/View/View.php, line 930
Cake\View\View::render() - CORE/src/View/View.php, line 578
Cake\Controller\Controller::render() - CORE/src/Controller/Controller.php, line 598
Cake\Routing\Dispatcher::_invoke() - CORE/src/Routing/Dispatcher.php, line 120
Cake\Routing\Dispatcher::dispatch() - CORE/src/Routing/Dispatcher.php, line 87
[main] - ROOT/webroot/index.php, line 37



2015-10-02 21:43:23 Notice: Notice (8): Trying to get property of non-object in [/Users/Account1/LendCoins/src/Template/Collaterial/add.ctp, line 8]
Trace:
Cake\Error\BaseErrorHandler::handleError() - CORE/src/Error/BaseErrorHandler.php, line 138
include - APP/Template/Collaterial/add.ctp, line 8
Cake\View\View::_evaluate() - CORE/src/View/View.php, line 970
Cake\View\View::_render() - CORE/src/View/View.php, line 930
Cake\View\View::render() - CORE/src/View/View.php, line 578
Cake\Controller\Controller::render() - CORE/src/Controller/Controller.php, line 598
Cake\Routing\Dispatcher::_invoke() - CORE/src/Routing/Dispatcher.php, line 120
Cake\Routing\Dispatcher::dispatch() - CORE/src/Routing/Dispatcher.php, line 87
[main] - ROOT/webroot/index.php, line 37



2015-10-02 21:43:23 Notice: Notice (8): Trying to get property of non-object in [/Users/Account1/LendCoins/src/Template/Collaterial/add.ctp, line 8]
Trace:
Cake\Error\BaseErrorHandler::handleError() - CORE/src/Error/BaseErrorHandler.php, line 138
include - APP/Template/Collaterial/add.ctp, line 8
Cake\View\View::_evaluate() - CORE/src/View/View.php, line 970
Cake\View\View::_render() - CORE/src/View/View.php, line 930
Cake\View\View::render() - CORE/src/View/View.php, line 578
Cake\Controller\Controller::render() - CORE/src/Controller/Controller.php, line 598
Cake\Routing\Dispatcher::_invoke() - CORE/src/Routing/Dispatcher.php, line 120
Cake\Routing\Dispatcher::dispatch() - CORE/src/Routing/Dispatcher.php, line 87
[main] - ROOT/webroot/index.php, line 37



2015-10-02 21:43:56 Notice: Notice (8): Trying to get property of non-object in [/Users/Account1/LendCoins/src/Template/Collaterial/add.ctp, line 8]
Trace:
Cake\Error\BaseErrorHandler::handleError() - CORE/src/Error/BaseErrorHandler.php, line 138
include - APP/Template/Collaterial/add.ctp, line 8
Cake\View\View::_evaluate() - CORE/src/View/View.php, line 970
Cake\View\View::_render() - CORE/src/View/View.php, line 930
Cake\View\View::render() - CORE/src/View/View.php, line 578
Cake\Controller\Controller::render() - CORE/src/Controller/Controller.php, line 598
Cake\Routing\Dispatcher::_invoke() - CORE/src/Routing/Dispatcher.php, line 120
Cake\Routing\Dispatcher::dispatch() - CORE/src/Routing/Dispatcher.php, line 87
[main] - ROOT/webroot/index.php, line 37



2015-10-02 21:43:56 Notice: Notice (8): Trying to get property of non-object in [/Users/Account1/LendCoins/src/Template/Collaterial/add.ctp, line 8]
Trace:
Cake\Error\BaseErrorHandler::handleError() - CORE/src/Error/BaseErrorHandler.php, line 138
include - APP/Template/Collaterial/add.ctp, line 8
Cake\View\View::_evaluate() - CORE/src/View/View.php, line 970
Cake\View\View::_render() - CORE/src/View/View.php, line 930
Cake\View\View::render() - CORE/src/View/View.php, line 578
Cake\Controller\Controller::render() - CORE/src/Controller/Controller.php, line 598
Cake\Routing\Dispatcher::_invoke() - CORE/src/Routing/Dispatcher.php, line 120
Cake\Routing\Dispatcher::dispatch() - CORE/src/Routing/Dispatcher.php, line 87
[main] - ROOT/webroot/index.php, line 37



2015-10-02 22:31:31 Notice: Notice (8): Undefined variable: escrows in [/Users/Account1/LendCoins/src/Template/Collaterial/add.ctp, line 6]
Trace:
Cake\Error\BaseErrorHandler::handleError() - CORE/src/Error/BaseErrorHandler.php, line 138
include - APP/Template/Collaterial/add.ctp, line 6
Cake\View\View::_evaluate() - CORE/src/View/View.php, line 970
Cake\View\View::_render() - CORE/src/View/View.php, line 930
Cake\View\View::render() - CORE/src/View/View.php, line 578
Cake\Controller\Controller::render() - CORE/src/Controller/Controller.php, line 598
Cake\Routing\Dispatcher::_invoke() - CORE/src/Routing/Dispatcher.php, line 120
Cake\Routing\Dispatcher::dispatch() - CORE/src/Routing/Dispatcher.php, line 87
[main] - ROOT/webroot/index.php, line 37



2015-10-02 22:55:19 Notice: Notice (8): Undefined variable: collaterial in [/Users/Account1/LendCoins/src/Template/Loans/add.ctp, line 12]
Trace:
Cake\Error\BaseErrorHandler::handleError() - CORE/src/Error/BaseErrorHandler.php, line 138
include - APP/Template/Loans/add.ctp, line 12
Cake\View\View::_evaluate() - CORE/src/View/View.php, line 970
Cake\View\View::_render() - CORE/src/View/View.php, line 930
Cake\View\View::render() - CORE/src/View/View.php, line 578
Cake\Controller\Controller::render() - CORE/src/Controller/Controller.php, line 598
Cake\Routing\Dispatcher::_invoke() - CORE/src/Routing/Dispatcher.php, line 120
Cake\Routing\Dispatcher::dispatch() - CORE/src/Routing/Dispatcher.php, line 87
[main] - ROOT/webroot/index.php, line 37



2015-10-03 19:05:40 Notice: Notice (8): Undefined variable: collaterial in [/Users/Account1/LendCoins/src/Template/Loans/add.ctp, line 12]
Trace:
Cake\Error\BaseErrorHandler::handleError() - CORE/src/Error/BaseErrorHandler.php, line 138
include - APP/Template/Loans/add.ctp, line 12
Cake\View\View::_evaluate() - CORE/src/View/View.php, line 970
Cake\View\View::_render() - CORE/src/View/View.php, line 930
Cake\View\View::render() - CORE/src/View/View.php, line 578
Cake\Controller\Controller::render() - CORE/src/Controller/Controller.php, line 598
Cake\Routing\Dispatcher::_invoke() - CORE/src/Routing/Dispatcher.php, line 120
Cake\Routing\Dispatcher::dispatch() - CORE/src/Routing/Dispatcher.php, line 87
[main] - ROOT/webroot/index.php, line 37



2015-10-07 23:08:49 Notice: Notice (8): Undefined variable: collaterial in [/Users/Account1/LendCoins/src/Template/Loans/add.ctp, line 12]
Trace:
Cake\Error\BaseErrorHandler::handleError() - CORE/src/Error/BaseErrorHandler.php, line 138
include - APP/Template/Loans/add.ctp, line 12
Cake\View\View::_evaluate() - CORE/src/View/View.php, line 970
Cake\View\View::_render() - CORE/src/View/View.php, line 930
Cake\View\View::render() - CORE/src/View/View.php, line 578
Cake\Controller\Controller::render() - CORE/src/Controller/Controller.php, line 598
Cake\Routing\Dispatcher::_invoke() - CORE/src/Routing/Dispatcher.php, line 120
Cake\Routing\Dispatcher::dispatch() - CORE/src/Routing/Dispatcher.php, line 87
[main] - ROOT/webroot/index.php, line 37



2015-10-07 23:22:40 Notice: Notice (8): Undefined variable: escrow in [/Users/Account1/LendCoins/src/Controller/LoansController.php, line 70]
Trace:
Cake\Error\BaseErrorHandler::handleError() - CORE/src/Error/BaseErrorHandler.php, line 138
App\Controller\LoansController::add() - APP/Controller/LoansController.php, line 70
Cake\Controller\Controller::invokeAction() - CORE/src/Controller/Controller.php, line 416
Cake\Routing\Dispatcher::_invoke() - CORE/src/Routing/Dispatcher.php, line 114
Cake\Routing\Dispatcher::dispatch() - CORE/src/Routing/Dispatcher.php, line 87
[main] - ROOT/webroot/index.php, line 37



2015-10-07 23:22:44 Notice: Notice (8): Undefined variable: collaterial in [/Users/Account1/LendCoins/src/Template/Loans/add.ctp, line 12]
Trace:
Cake\Error\BaseErrorHandler::handleError() - CORE/src/Error/BaseErrorHandler.php, line 138
include - APP/Template/Loans/add.ctp, line 12
Cake\View\View::_evaluate() - CORE/src/View/View.php, line 970
Cake\View\View::_render() - CORE/src/View/View.php, line 930
Cake\View\View::render() - CORE/src/View/View.php, line 578
Cake\Controller\Controller::render() - CORE/src/Controller/Controller.php, line 598
Cake\Routing\Dispatcher::_invoke() - CORE/src/Routing/Dispatcher.php, line 120
Cake\Routing\Dispatcher::dispatch() - CORE/src/Routing/Dispatcher.php, line 87
[main] - ROOT/webroot/index.php, line 37



2015-10-07 23:22:54 Notice: Notice (8): Undefined variable: escrow in [/Users/Account1/LendCoins/src/Controller/LoansController.php, line 70]
Trace:
Cake\Error\BaseErrorHandler::handleError() - CORE/src/Error/BaseErrorHandler.php, line 138
App\Controller\LoansController::add() - APP/Controller/LoansController.php, line 70
Cake\Controller\Controller::invokeAction() - CORE/src/Controller/Controller.php, line 416
Cake\Routing\Dispatcher::_invoke() - CORE/src/Routing/Dispatcher.php, line 114
Cake\Routing\Dispatcher::dispatch() - CORE/src/Routing/Dispatcher.php, line 87
[main] - ROOT/webroot/index.php, line 37



2015-10-07 23:22:55 Notice: Notice (8): Undefined variable: collaterial in [/Users/Account1/LendCoins/src/Template/Loans/add.ctp, line 12]
Trace:
Cake\Error\BaseErrorHandler::handleError() - CORE/src/Error/BaseErrorHandler.php, line 138
include - APP/Template/Loans/add.ctp, line 12
Cake\View\View::_evaluate() - CORE/src/View/View.php, line 970
Cake\View\View::_render() - CORE/src/View/View.php, line 930
Cake\View\View::render() - CORE/src/View/View.php, line 578
Cake\Controller\Controller::render() - CORE/src/Controller/Controller.php, line 598
Cake\Routing\Dispatcher::_invoke() - CORE/src/Routing/Dispatcher.php, line 120
Cake\Routing\Dispatcher::dispatch() - CORE/src/Routing/Dispatcher.php, line 87
[main] - ROOT/webroot/index.php, line 37



2015-10-07 23:24:01 Notice: Notice (8): Undefined variable: collaterial in [/Users/Account1/LendCoins/src/Template/Loans/add.ctp, line 12]
Trace:
Cake\Error\BaseErrorHandler::handleError() - CORE/src/Error/BaseErrorHandler.php, line 138
include - APP/Template/Loans/add.ctp, line 12
Cake\View\View::_evaluate() - CORE/src/View/View.php, line 970
Cake\View\View::_render() - CORE/src/View/View.php, line 930
Cake\View\View::render() - CORE/src/View/View.php, line 578
Cake\Controller\Controller::render() - CORE/src/Controller/Controller.php, line 598
Cake\Routing\Dispatcher::_invoke() - CORE/src/Routing/Dispatcher.php, line 120
Cake\Routing\Dispatcher::dispatch() - CORE/src/Routing/Dispatcher.php, line 87
[main] - ROOT/webroot/index.php, line 37



2015-10-07 23:46:35 Notice: Notice (8): Undefined variable: loan_id in [/Users/Account1/LendCoins/src/Template/Collaterial/add.ctp, line 4]
Trace:
Cake\Error\BaseErrorHandler::handleError() - CORE/src/Error/BaseErrorHandler.php, line 138
include - APP/Template/Collaterial/add.ctp, line 4
Cake\View\View::_evaluate() - CORE/src/View/View.php, line 970
Cake\View\View::_render() - CORE/src/View/View.php, line 930
Cake\View\View::render() - CORE/src/View/View.php, line 578
Cake\Controller\Controller::render() - CORE/src/Controller/Controller.php, line 598
Cake\Routing\Dispatcher::_invoke() - CORE/src/Routing/Dispatcher.php, line 120
Cake\Routing\Dispatcher::dispatch() - CORE/src/Routing/Dispatcher.php, line 87
[main] - ROOT/webroot/index.php, line 37



2015-10-07 23:46:51 Notice: Notice (8): Undefined variable: collaterial in [/Users/Account1/LendCoins/src/Template/Loans/add.ctp, line 11]
Trace:
Cake\Error\BaseErrorHandler::handleError() - CORE/src/Error/BaseErrorHandler.php, line 138
include - APP/Template/Loans/add.ctp, line 11
Cake\View\View::_evaluate() - CORE/src/View/View.php, line 970
Cake\View\View::_render() - CORE/src/View/View.php, line 930
Cake\View\View::render() - CORE/src/View/View.php, line 578
Cake\Controller\Controller::render() - CORE/src/Controller/Controller.php, line 598
Cake\Routing\Dispatcher::_invoke() - CORE/src/Routing/Dispatcher.php, line 120
Cake\Routing\Dispatcher::dispatch() - CORE/src/Routing/Dispatcher.php, line 87
[main] - ROOT/webroot/index.php, line 37



2015-10-07 23:47:56 Notice: Notice (8): Undefined variable: collaterial in [/Users/Account1/LendCoins/src/Template/Loans/add.ctp, line 11]
Trace:
Cake\Error\BaseErrorHandler::handleError() - CORE/src/Error/BaseErrorHandler.php, line 138
include - APP/Template/Loans/add.ctp, line 11
Cake\View\View::_evaluate() - CORE/src/View/View.php, line 970
Cake\View\View::_render() - CORE/src/View/View.php, line 930
Cake\View\View::render() - CORE/src/View/View.php, line 578
Cake\Controller\Controller::render() - CORE/src/Controller/Controller.php, line 598
Cake\Routing\Dispatcher::_invoke() - CORE/src/Routing/Dispatcher.php, line 120
Cake\Routing\Dispatcher::dispatch() - CORE/src/Routing/Dispatcher.php, line 87
[main] - ROOT/webroot/index.php, line 37



2015-10-07 23:49:01 Notice: Notice (8): Undefined variable: collaterial in [/Users/Account1/LendCoins/src/Template/Loans/add.ctp, line 11]
Trace:
Cake\Error\BaseErrorHandler::handleError() - CORE/src/Error/BaseErrorHandler.php, line 138
include - APP/Template/Loans/add.ctp, line 11
Cake\View\View::_evaluate() - CORE/src/View/View.php, line 970
Cake\View\View::_render() - CORE/src/View/View.php, line 930
Cake\View\View::render() - CORE/src/View/View.php, line 578
Cake\Controller\Controller::render() - CORE/src/Controller/Controller.php, line 598
Cake\Routing\Dispatcher::_invoke() - CORE/src/Routing/Dispatcher.php, line 120
Cake\Routing\Dispatcher::dispatch() - CORE/src/Routing/Dispatcher.php, line 87
[main] - ROOT/webroot/index.php, line 37



2015-10-07 23:50:11 Notice: Notice (8): Undefined variable: collaterial in [/Users/Account1/LendCoins/src/Template/Loans/add.ctp, line 11]
Trace:
Cake\Error\BaseErrorHandler::handleError() - CORE/src/Error/BaseErrorHandler.php, line 138
include - APP/Template/Loans/add.ctp, line 11
Cake\View\View::_evaluate() - CORE/src/View/View.php, line 970
Cake\View\View::_render() - CORE/src/View/View.php, line 930
Cake\View\View::render() - CORE/src/View/View.php, line 578
Cake\Controller\Controller::render() - CORE/src/Controller/Controller.php, line 598
Cake\Routing\Dispatcher::_invoke() - CORE/src/Routing/Dispatcher.php, line 120
Cake\Routing\Dispatcher::dispatch() - CORE/src/Routing/Dispatcher.php, line 87
[main] - ROOT/webroot/index.php, line 37



2015-10-07 23:53:21 Notice: Notice (8): Undefined variable: loan_id in [/Users/Account1/LendCoins/src/Template/Collaterial/add.ctp, line 4]
Trace:
Cake\Error\BaseErrorHandler::handleError() - CORE/src/Error/BaseErrorHandler.php, line 138
include - APP/Template/Collaterial/add.ctp, line 4
Cake\View\View::_evaluate() - CORE/src/View/View.php, line 970
Cake\View\View::_render() - CORE/src/View/View.php, line 930
Cake\View\View::render() - CORE/src/View/View.php, line 578
Cake\Controller\Controller::render() - CORE/src/Controller/Controller.php, line 598
Cake\Routing\Dispatcher::_invoke() - CORE/src/Routing/Dispatcher.php, line 120
Cake\Routing\Dispatcher::dispatch() - CORE/src/Routing/Dispatcher.php, line 87
[main] - ROOT/webroot/index.php, line 37



2015-10-08 21:07:30 Notice: Notice (8): Undefined variable: collaterial in [/Users/Account1/LendCoins/src/Controller/LoansController.php, line 74]
Trace:
Cake\Error\BaseErrorHandler::handleError() - CORE/src/Error/BaseErrorHandler.php, line 138
App\Controller\LoansController::add() - APP/Controller/LoansController.php, line 74
Cake\Controller\Controller::invokeAction() - CORE/src/Controller/Controller.php, line 416
Cake\Routing\Dispatcher::_invoke() - CORE/src/Routing/Dispatcher.php, line 114
Cake\Routing\Dispatcher::dispatch() - CORE/src/Routing/Dispatcher.php, line 87
[main] - ROOT/webroot/index.php, line 37



2015-10-08 21:17:20 Notice: Notice (8): Trying to get property of non-object in [/Users/Account1/LendCoins/src/Controller/LoansController.php, line 58]
Trace:
Cake\Error\BaseErrorHandler::handleError() - CORE/src/Error/BaseErrorHandler.php, line 138
App\Controller\LoansController::add() - APP/Controller/LoansController.php, line 58
Cake\Controller\Controller::invokeAction() - CORE/src/Controller/Controller.php, line 416
Cake\Routing\Dispatcher::_invoke() - CORE/src/Routing/Dispatcher.php, line 114
Cake\Routing\Dispatcher::dispatch() - CORE/src/Routing/Dispatcher.php, line 87
[main] - ROOT/webroot/index.php, line 37



2015-10-08 21:24:52 Notice: Notice (8): Trying to get property of non-object in [/Users/Account1/LendCoins/src/Controller/LoansController.php, line 58]
Trace:
Cake\Error\BaseErrorHandler::handleError() - CORE/src/Error/BaseErrorHandler.php, line 138
App\Controller\LoansController::add() - APP/Controller/LoansController.php, line 58
Cake\Controller\Controller::invokeAction() - CORE/src/Controller/Controller.php, line 416
Cake\Routing\Dispatcher::_invoke() - CORE/src/Routing/Dispatcher.php, line 114
Cake\Routing\Dispatcher::dispatch() - CORE/src/Routing/Dispatcher.php, line 87
[main] - ROOT/webroot/index.php, line 37



2015-10-08 21:28:41 Notice: Notice (8): Trying to get property of non-object in [/Users/Account1/LendCoins/src/Controller/LoansController.php, line 58]
Trace:
Cake\Error\BaseErrorHandler::handleError() - CORE/src/Error/BaseErrorHandler.php, line 138
App\Controller\LoansController::add() - APP/Controller/LoansController.php, line 58
Cake\Controller\Controller::invokeAction() - CORE/src/Controller/Controller.php, line 416
Cake\Routing\Dispatcher::_invoke() - CORE/src/Routing/Dispatcher.php, line 114
Cake\Routing\Dispatcher::dispatch() - CORE/src/Routing/Dispatcher.php, line 87
[main] - ROOT/webroot/index.php, line 37



2015-10-11 00:47:58 Notice: Notice (8): Undefined variable: thisDeposits in [/Users/Account1/LendCoins/src/Controller/UsersController.php, line 59]
Trace:
Cake\Error\BaseErrorHandler::handleError() - CORE/src/Error/BaseErrorHandler.php, line 138
App\Controller\UsersController::add() - APP/Controller/UsersController.php, line 59
Cake\Controller\Controller::invokeAction() - CORE/src/Controller/Controller.php, line 416
Cake\Routing\Dispatcher::_invoke() - CORE/src/Routing/Dispatcher.php, line 114
Cake\Routing\Dispatcher::dispatch() - CORE/src/Routing/Dispatcher.php, line 87
[main] - ROOT/webroot/index.php, line 37



2015-10-11 00:51:24 Notice: Notice (8): Undefined variable: deposits in [/Users/Account1/LendCoins/src/Template/Users/add.ctp, line 16]
Trace:
Cake\Error\BaseErrorHandler::handleError() - CORE/src/Error/BaseErrorHandler.php, line 138
include - APP/Template/Users/add.ctp, line 16
Cake\View\View::_evaluate() - CORE/src/View/View.php, line 970
Cake\View\View::_render() - CORE/src/View/View.php, line 930
Cake\View\View::render() - CORE/src/View/View.php, line 578
Cake\Controller\Controller::render() - CORE/src/Controller/Controller.php, line 598
Cake\Routing\Dispatcher::_invoke() - CORE/src/Routing/Dispatcher.php, line 120
Cake\Routing\Dispatcher::dispatch() - CORE/src/Routing/Dispatcher.php, line 87
[main] - ROOT/webroot/index.php, line 37



